#
# There is insufficient memory for the Java Runtime Environment to continue.
# Native memory allocation (mmap) failed to map 65536000 bytes for committing reserved memory.
# Possible reasons:
#   The system is out of physical RAM or swap space
#   The process is running with CompressedOops enabled, and the Java Heap may be blocking the growth of the native heap
# Possible solutions:
#   Reduce memory load on the system
#   Increase physical memory or swap space
#   Check if swap backing store is full
#   Decrease Java heap size (-Xmx/-Xms)
#   Decrease number of Java threads
#   Decrease Java thread stack sizes (-Xss)
#   Set larger code cache with -XX:ReservedCodeCacheSize=
#   JVM is running with Zero Based Compressed Oops mode in which the Java heap is
#     placed in the first 32GB address space. The Java Heap base address is the
#     maximum limit for the native heap growth. Please use -XX:HeapBaseMinAddress
#     to set the Java Heap base and to place the Java Heap above 32GB virtual address.
# This output file may be truncated or incomplete.
#
#  Out of Memory Error (os_linux.cpp:2749), pid=5063, tid=0x00007f2db14bb700
#
# JRE version: Java(TM) SE Runtime Environment (8.0_201-b09) (build 1.8.0_201-b09)
# Java VM: Java HotSpot(TM) 64-Bit Server VM (25.201-b09 mixed mode linux-amd64 compressed oops)
# Failed to write core dump. Core dumps have been disabled. To enable core dumping, try "ulimit -c unlimited" before starting Java again
#

---------------  T H R E A D  ---------------

Current thread (0x00007f2dc4079800):  VMThread [stack: 0x00007f2db13bc000,0x00007f2db14bc000] [id=5090]

Stack: [0x00007f2db13bc000,0x00007f2db14bc000],  sp=0x00007f2db14ba3f0,  free space=1016k
Native frames: (J=compiled Java code, j=interpreted, Vv=VM code, C=native code)
V  [libjvm.so+0xad3525]  VMError::report_and_die()+0x2e5
V  [libjvm.so+0x4e0457]  report_vm_out_of_memory(char const*, int, unsigned long, VMErrorType, char const*)+0x67
V  [libjvm.so+0x9102f0]  os::pd_commit_memory(char*, unsigned long, unsigned long, bool)+0x100
V  [libjvm.so+0x90791f]  os::commit_memory(char*, unsigned long, unsigned long, bool)+0x1f
V  [libjvm.so+0x98c806]  PSVirtualSpace::expand_by(unsigned long)+0x56
V  [libjvm.so+0x98da98]  PSYoungGen::resize(unsigned long, unsigned long)+0xd8
V  [libjvm.so+0x98a236]  PSScavenge::invoke_no_policy()+0x1376
V  [libjvm.so+0x98a5cc]  PSScavenge::invoke()+0x4c
V  [libjvm.so+0x93a318]  ParallelScavengeHeap::failed_mem_allocate(unsigned long)+0x68
V  [libjvm.so+0xad5073]  VM_ParallelGCFailedAllocation::doit()+0x93
V  [libjvm.so+0xada296]  VM_Operation::evaluate()+0x46
V  [libjvm.so+0xad85cd]  VMThread::evaluate_operation(VM_Operation*) [clone .constprop.44]+0xcd
V  [libjvm.so+0xad8bb3]  VMThread::loop()+0x3a3
V  [libjvm.so+0xad8f88]  VMThread::run()+0x78
V  [libjvm.so+0x90d922]  java_start(Thread*)+0x102

VM_Operation (0x00007f2d94e15670): ParallelGCFailedAllocation, mode: safepoint, requested by thread 0x00007f2dc56e7800


---------------  P R O C E S S  ---------------

Java Threads: ( => current thread )
  0x00007f2dc56e7800 JavaThread "main" [_thread_blocked, id=5099, stack(0x00007f2d94d18000,0x00007f2d94e19000)]
  0x00007f2dc40ca000 JavaThread "Service Thread" daemon [_thread_blocked, id=5097, stack(0x00007f2db02e5000,0x00007f2db03e6000)]
  0x00007f2dc40bf000 JavaThread "C1 CompilerThread2" daemon [_thread_blocked, id=5096, stack(0x00007f2db03e7000,0x00007f2db04e7000)]
  0x00007f2dc40bd800 JavaThread "C2 CompilerThread1" daemon [_thread_blocked, id=5095, stack(0x00007f2db04e8000,0x00007f2db05e8000)]
  0x00007f2dc40ba800 JavaThread "C2 CompilerThread0" daemon [_thread_blocked, id=5094, stack(0x00007f2db05e9000,0x00007f2db06e9000)]
  0x00007f2dc40b9000 JavaThread "Signal Dispatcher" daemon [_thread_blocked, id=5093, stack(0x00007f2db06e9000,0x00007f2db07ea000)]
  0x00007f2dc4085800 JavaThread "Finalizer" daemon [_thread_blocked, id=5092, stack(0x00007f2db11b9000,0x00007f2db12ba000)]
  0x00007f2dc4083000 JavaThread "Reference Handler" daemon [_thread_blocked, id=5091, stack(0x00007f2db12ba000,0x00007f2db13bb000)]
  0x00007f2dc400b800 JavaThread "main" [_thread_blocked, id=5085, stack(0x00007f2dca562000,0x00007f2dca662000)]

Other Threads:
=>0x00007f2dc4079800 VMThread [stack: 0x00007f2db13bc000,0x00007f2db14bc000] [id=5090]
  0x00007f2dc40cd000 WatcherThread [stack: 0x00007f2db01e5000,0x00007f2db02e5000] [id=5098]

VM state:at safepoint (normal execution)

VM Mutex/Monitor currently owned by a thread:  ([mutex/lock_event])
[0x00007f2dc4007e10] Threads_lock - owner thread: 0x00007f2dc4079800
[0x00007f2dc4008310] Heap_lock - owner thread: 0x00007f2dc56e7800

heap address: 0x0000000709200000, size: 2926 MB, Compressed Oops mode: Zero based, Oop shift amount: 3
Narrow klass base: 0x0000000000000000, Narrow klass shift: 3
Compressed class space size: 1073741824 Address: 0x00000007c0000000

Heap:
 PSYoungGen      total 308224K, used 14672K [0x0000000783100000, 0x0000000797b80000, 0x00000007c0000000)
  eden space 282112K, 0% used [0x0000000783100000,0x0000000783100000,0x0000000794480000)
  from space 26112K, 56% used [0x0000000794480000,0x00000007952d42a8,0x0000000795e00000)
  to   space 22528K, 0% used [0x0000000795e00000,0x0000000795e00000,0x0000000797400000)
 ParOldGen       total 162816K, used 42528K [0x0000000709200000, 0x0000000713100000, 0x0000000783100000)
  object space 162816K, 26% used [0x0000000709200000,0x000000070bb880e8,0x0000000713100000)
 Metaspace       used 45759K, capacity 46718K, committed 46936K, reserved 1089536K
  class space    used 5666K, capacity 5926K, committed 6016K, reserved 1048576K

Card table byte_map: [0x00007f2db3c2a000,0x00007f2db41e2000] byte_map_base: 0x00007f2db03e1000

Marking Bits: (ParMarkBitMap*) 0x00007f2dc9a09d80
 Begin Bits: [0x00007f2d96490000, 0x00007f2d99248000)
 End Bits:   [0x00007f2d99248000, 0x00007f2d9c000000)

Polling page: 0x00007f2dca679000

CodeCache: size=245760Kb used=19503Kb max_used=19547Kb free=226256Kb
 bounds [0x00007f2db45a2000, 0x00007f2db58d2000, 0x00007f2dc35a2000]
 total_blobs=5948 nmethods=5475 adapters=386
 compilation: enabled

Compilation events (10 events):
Event: 64.096 Thread 0x00007f2dc40bf000 6414       3       org.springframework.core.type.classreading.ClassMetadataReadingVisitor::visitField (8 bytes)
Event: 64.097 Thread 0x00007f2dc40bf000 nmethod 6414 0x00007f2db58c7950 code [0x00007f2db58c7ae0, 0x00007f2db58c7d88]
Event: 64.097 Thread 0x00007f2dc40bf000 6415       3       org.springframework.core.type.classreading.ClassMetadataReadingVisitor$EmptyFieldVisitor::<init> (7 bytes)
Event: 64.098 Thread 0x00007f2dc40bf000 nmethod 6415 0x00007f2db58c4ad0 code [0x00007f2db58c4c40, 0x00007f2db58c4e28]
Event: 64.098 Thread 0x00007f2dc40bd800 6418       4       java.util.concurrent.CopyOnWriteArrayList::size (6 bytes)
Event: 64.102 Thread 0x00007f2dc40bd800 nmethod 6418 0x00007f2db4bf70d0 code [0x00007f2db4bf7220, 0x00007f2db4bf7298]
Event: 64.102 Thread 0x00007f2dc40bd800 6417       4       java.lang.reflect.Method::getDefaultValue (81 bytes)
Event: 65.312 Thread 0x00007f2dc40ba800 nmethod 6416 0x00007f2db58c9690 code [0x00007f2db58c9840, 0x00007f2db58c9de0]
Event: 67.533 Thread 0x00007f2dc40bd800 nmethod 6417 0x00007f2db58ca1d0 code [0x00007f2db58ca820, 0x00007f2db58cc3c0]
Event: 67.768 Thread 0x00007f2dc40bf000 6419       3       org.springframework.core.annotation.OrderUtils::getOrder (37 bytes)

GC Heap History (10 events):
Event: 6.309 GC heap after
Heap after GC invocations=6 (full 0):
 PSYoungGen      total 203776K, used 11461K [0x0000000783100000, 0x0000000790700000, 0x00000007c0000000)
  eden space 188416K, 0% used [0x0000000783100000,0x0000000783100000,0x000000078e900000)
  from space 15360K, 74% used [0x000000078f800000,0x0000000790331598,0x0000000790700000)
  to   space 15360K, 0% used [0x000000078e900000,0x000000078e900000,0x000000078f800000)
 ParOldGen       total 125952K, used 13044K [0x0000000709200000, 0x0000000710d00000, 0x0000000783100000)
  object space 125952K, 10% used [0x0000000709200000,0x0000000709ebd1c8,0x0000000710d00000)
 Metaspace       used 20594K, capacity 21204K, committed 21248K, reserved 1069056K
  class space    used 2429K, capacity 2559K, committed 2560K, reserved 1048576K
}
Event: 6.309 GC heap before
{Heap before GC invocations=7 (full 1):
 PSYoungGen      total 203776K, used 11461K [0x0000000783100000, 0x0000000790700000, 0x00000007c0000000)
  eden space 188416K, 0% used [0x0000000783100000,0x0000000783100000,0x000000078e900000)
  from space 15360K, 74% used [0x000000078f800000,0x0000000790331598,0x0000000790700000)
  to   space 15360K, 0% used [0x000000078e900000,0x000000078e900000,0x000000078f800000)
 ParOldGen       total 125952K, used 13044K [0x0000000709200000, 0x0000000710d00000, 0x0000000783100000)
  object space 125952K, 10% used [0x0000000709200000,0x0000000709ebd1c8,0x0000000710d00000)
 Metaspace       used 20594K, capacity 21204K, committed 21248K, reserved 1069056K
  class space    used 2429K, capacity 2559K, committed 2560K, reserved 1048576K
Event: 6.431 GC heap after
Heap after GC invocations=7 (full 1):
 PSYoungGen      total 203776K, used 0K [0x0000000783100000, 0x0000000790700000, 0x00000007c0000000)
  eden space 188416K, 0% used [0x0000000783100000,0x0000000783100000,0x000000078e900000)
  from space 15360K, 0% used [0x000000078f800000,0x000000078f800000,0x0000000790700000)
  to   space 15360K, 0% used [0x000000078e900000,0x000000078e900000,0x000000078f800000)
 ParOldGen       total 99840K, used 22094K [0x0000000709200000, 0x000000070f380000, 0x0000000783100000)
  object space 99840K, 22% used [0x0000000709200000,0x000000070a793968,0x000000070f380000)
 Metaspace       used 20594K, capacity 21204K, committed 21248K, reserved 1069056K
  class space    used 2429K, capacity 2559K, committed 2560K, reserved 1048576K
}
Event: 9.976 GC heap before
{Heap before GC invocations=8 (full 1):
 PSYoungGen      total 203776K, used 188416K [0x0000000783100000, 0x0000000790700000, 0x00000007c0000000)
  eden space 188416K, 100% used [0x0000000783100000,0x000000078e900000,0x000000078e900000)
  from space 15360K, 0% used [0x000000078f800000,0x000000078f800000,0x0000000790700000)
  to   space 15360K, 0% used [0x000000078e900000,0x000000078e900000,0x000000078f800000)
 ParOldGen       total 99840K, used 22094K [0x0000000709200000, 0x000000070f380000, 0x0000000783100000)
  object space 99840K, 22% used [0x0000000709200000,0x000000070a793968,0x000000070f380000)
 Metaspace       used 29791K, capacity 30502K, committed 30720K, reserved 1077248K
  class space    used 3588K, capacity 3778K, committed 3840K, reserved 1048576K
Event: 10.054 GC heap after
Heap after GC invocations=8 (full 1):
 PSYoungGen      total 203776K, used 15337K [0x0000000783100000, 0x0000000797400000, 0x00000007c0000000)
  eden space 188416K, 0% used [0x0000000783100000,0x0000000783100000,0x000000078e900000)
  from space 15360K, 99% used [0x000000078e900000,0x000000078f7fa460,0x000000078f800000)
  to   space 22528K, 0% used [0x0000000795e00000,0x0000000795e00000,0x0000000797400000)
 ParOldGen       total 99840K, used 32346K [0x0000000709200000, 0x000000070f380000, 0x0000000783100000)
  object space 99840K, 32% used [0x0000000709200000,0x000000070b196a48,0x000000070f380000)
 Metaspace       used 29791K, capacity 30502K, committed 30720K, reserved 1077248K
  class space    used 3588K, capacity 3778K, committed 3840K, reserved 1048576K
}
Event: 11.827 GC heap before
{Heap before GC invocations=9 (full 1):
 PSYoungGen      total 203776K, used 76669K [0x0000000783100000, 0x0000000797400000, 0x00000007c0000000)
  eden space 188416K, 32% used [0x0000000783100000,0x0000000786ce51c8,0x000000078e900000)
  from space 15360K, 99% used [0x000000078e900000,0x000000078f7fa460,0x000000078f800000)
  to   space 22528K, 0% used [0x0000000795e00000,0x0000000795e00000,0x0000000797400000)
 ParOldGen       total 99840K, used 32346K [0x0000000709200000, 0x000000070f380000, 0x0000000783100000)
  object space 99840K, 32% used [0x0000000709200000,0x000000070b196a48,0x000000070f380000)
 Metaspace       used 34600K, capacity 35270K, committed 35416K, reserved 1081344K
  class space    used 4285K, capacity 4450K, committed 4480K, reserved 1048576K
Event: 11.875 GC heap after
Heap after GC invocations=9 (full 1):
 PSYoungGen      total 304640K, used 22509K [0x0000000783100000, 0x0000000797b80000, 0x00000007c0000000)
  eden space 282112K, 0% used [0x0000000783100000,0x0000000783100000,0x0000000794480000)
  from space 22528K, 99% used [0x0000000795e00000,0x00000007973fb580,0x0000000797400000)
  to   space 26112K, 0% used [0x0000000794480000,0x0000000794480000,0x0000000795e00000)
 ParOldGen       total 99840K, used 32827K [0x0000000709200000, 0x000000070f380000, 0x0000000783100000)
  object space 99840K, 32% used [0x0000000709200000,0x000000070b20ecf8,0x000000070f380000)
 Metaspace       used 34600K, capacity 35270K, committed 35416K, reserved 1081344K
  class space    used 4285K, capacity 4450K, committed 4480K, reserved 1048576K
}
Event: 11.876 GC heap before
{Heap before GC invocations=10 (full 2):
 PSYoungGen      total 304640K, used 22509K [0x0000000783100000, 0x0000000797b80000, 0x00000007c0000000)
  eden space 282112K, 0% used [0x0000000783100000,0x0000000783100000,0x0000000794480000)
  from space 22528K, 99% used [0x0000000795e00000,0x00000007973fb580,0x0000000797400000)
  to   space 26112K, 0% used [0x0000000794480000,0x0000000794480000,0x0000000795e00000)
 ParOldGen       total 99840K, used 32827K [0x0000000709200000, 0x000000070f380000, 0x0000000783100000)
  object space 99840K, 32% used [0x0000000709200000,0x000000070b20ecf8,0x000000070f380000)
 Metaspace       used 34600K, capacity 35270K, committed 35416K, reserved 1081344K
  class space    used 4285K, capacity 4450K, committed 4480K, reserved 1048576K
Event: 12.059 GC heap after
Heap after GC invocations=10 (full 2):
 PSYoungGen      total 304640K, used 0K [0x0000000783100000, 0x0000000797b80000, 0x00000007c0000000)
  eden space 282112K, 0% used [0x0000000783100000,0x0000000783100000,0x0000000794480000)
  from space 22528K, 0% used [0x0000000795e00000,0x0000000795e00000,0x0000000797400000)
  to   space 26112K, 0% used [0x0000000794480000,0x0000000794480000,0x0000000795e00000)
 ParOldGen       total 162816K, used 42520K [0x0000000709200000, 0x0000000713100000, 0x0000000783100000)
  object space 162816K, 26% used [0x0000000709200000,0x000000070bb860e8,0x0000000713100000)
 Metaspace       used 34600K, capacity 35270K, committed 35416K, reserved 1081344K
  class space    used 4285K, capacity 4450K, committed 4480K, reserved 1048576K
}
Event: 67.921 GC heap before
{Heap before GC invocations=11 (full 2):
 PSYoungGen      total 304640K, used 282112K [0x0000000783100000, 0x0000000797b80000, 0x00000007c0000000)
  eden space 282112K, 100% used [0x0000000783100000,0x0000000794480000,0x0000000794480000)
  from space 22528K, 0% used [0x0000000795e00000,0x0000000795e00000,0x0000000797400000)
  to   space 26112K, 0% used [0x0000000794480000,0x0000000794480000,0x0000000795e00000)
 ParOldGen       total 162816K, used 42520K [0x0000000709200000, 0x0000000713100000, 0x0000000783100000)
  object space 162816K, 26% used [0x0000000709200000,0x000000070bb860e8,0x0000000713100000)
 Metaspace       used 45759K, capacity 46718K, committed 46936K, reserved 1089536K
  class space    used 5666K, capacity 5926K, committed 6016K, reserved 1048576K

Deoptimization events (10 events):
Event: 15.870 Thread 0x00007f2dc56e7800 Uncommon trap: reason=class_check action=maybe_recompile pc=0x00007f2db4f7a2c0 method=java.util.Collections$UnmodifiableMap.size()I @ 4
Event: 16.266 Thread 0x00007f2dc56e7800 Uncommon trap: reason=class_check action=maybe_recompile pc=0x00007f2db4f7a2c0 method=java.util.Collections$UnmodifiableMap.size()I @ 4
Event: 16.874 Thread 0x00007f2dc56e7800 Uncommon trap: reason=unstable_if action=reinterpret pc=0x00007f2db4df19b0 method=java.util.LinkedList.node(I)Ljava/util/LinkedList$Node; @ 19
Event: 17.054 Thread 0x00007f2dc56e7800 Uncommon trap: reason=class_check action=maybe_recompile pc=0x00007f2db47dcc70 method=java.util.concurrent.ConcurrentHashMap.putVal(Ljava/lang/Object;Ljava/lang/Object;Z)Ljava/lang/Object; @ 192
Event: 17.071 Thread 0x00007f2dc56e7800 Uncommon trap: reason=class_check action=maybe_recompile pc=0x00007f2db47dcc70 method=java.util.concurrent.ConcurrentHashMap.putVal(Ljava/lang/Object;Ljava/lang/Object;Z)Ljava/lang/Object; @ 192
Event: 17.072 Thread 0x00007f2dc56e7800 Uncommon trap: reason=class_check action=maybe_recompile pc=0x00007f2db47dcc70 method=java.util.concurrent.ConcurrentHashMap.putVal(Ljava/lang/Object;Ljava/lang/Object;Z)Ljava/lang/Object; @ 192
Event: 23.466 Thread 0x00007f2dc56e7800 Uncommon trap: reason=class_check action=maybe_recompile pc=0x00007f2db4f7a2c0 method=java.util.Collections$UnmodifiableMap.size()I @ 4
Event: 23.939 Thread 0x00007f2dc56e7800 Uncommon trap: reason=unstable_if action=reinterpret pc=0x00007f2db4c56aa8 method=java.util.WeakHashMap.remove(Ljava/lang/Object;)Ljava/lang/Object; @ 94
Event: 25.308 Thread 0x00007f2dc56e7800 Uncommon trap: reason=unstable_if action=reinterpret pc=0x00007f2db584592c method=org.springframework.core.type.classreading.AnnotationReadingVisitorUtils.convertClassValues(Ljava/lang/Object;Ljava/lang/ClassLoader;Lorg/springframework/core/annotation/Ann
Event: 25.937 Thread 0x00007f2dc56e7800 Uncommon trap: reason=unstable_if action=reinterpret pc=0x00007f2db585d094 method=org.springframework.core.type.classreading.AnnotationReadingVisitorUtils.getMergedAnnotationAttributes(Lorg/springframework/util/LinkedMultiValueMap;Ljava/util/Map;Ljava/lan

Classes redefined (0 events):
No events

Internal exceptions (10 events):
Event: 23.795 Thread 0x00007f2dc56e7800 Exception <a 'java/lang/ClassNotFoundException': org/springframework/cloud/bootstrap/config/PropertySourceBootstrapPropertiesCustomizer> (0x000000078c1bcbf8) thrown at [/HUDSON/workspace/8-2-build-linux-amd64/jdk8u201/12317/hotspot/src/share/vm/classfile/
Event: 23.800 Thread 0x00007f2dc56e7800 Exception <a 'java/lang/ClassNotFoundException': java/lang/ObjectCustomizer> (0x000000078c27fa00) thrown at [/HUDSON/workspace/8-2-build-linux-amd64/jdk8u201/12317/hotspot/src/share/vm/classfile/systemDictionary.cpp, line 210]
Event: 23.801 Thread 0x00007f2dc56e7800 Exception <a 'java/lang/ClassNotFoundException': org/springframework/cloud/bootstrap/encrypt/KeyPropertiesCustomizer> (0x000000078c2aa300) thrown at [/HUDSON/workspace/8-2-build-linux-amd64/jdk8u201/12317/hotspot/src/share/vm/classfile/systemDictionary.cp
Event: 23.934 Thread 0x00007f2dc56e7800 Exception <a 'java/lang/ClassNotFoundException': java/lang/ObjectCustomizer> (0x000000078c54b3a8) thrown at [/HUDSON/workspace/8-2-build-linux-amd64/jdk8u201/12317/hotspot/src/share/vm/classfile/systemDictionary.cpp, line 210]
Event: 23.935 Thread 0x00007f2dc56e7800 Exception <a 'java/lang/ClassNotFoundException': org/springframework/context/annotation/ConfigurationClassPostProcessorCustomizer> (0x000000078c57ac98) thrown at [/HUDSON/workspace/8-2-build-linux-amd64/jdk8u201/12317/hotspot/src/share/vm/classfile/system
Event: 23.936 Thread 0x00007f2dc56e7800 Exception <a 'java/lang/ClassNotFoundException': org/springframework/beans/factory/support/BeanDefinitionRegistryPostProcessorCustomizer> (0x000000078c5bbbb0) thrown at [/HUDSON/workspace/8-2-build-linux-amd64/jdk8u201/12317/hotspot/src/share/vm/classfile
Event: 23.937 Thread 0x00007f2dc56e7800 Exception <a 'java/lang/ClassNotFoundException': org/springframework/core/PriorityOrderedCustomizer> (0x000000078c5db4a0) thrown at [/HUDSON/workspace/8-2-build-linux-amd64/jdk8u201/12317/hotspot/src/share/vm/classfile/systemDictionary.cpp, line 210]
Event: 23.938 Thread 0x00007f2dc56e7800 Exception <a 'java/lang/ClassNotFoundException': org/springframework/context/ResourceLoaderAwareCustomizer> (0x000000078c5fd248) thrown at [/HUDSON/workspace/8-2-build-linux-amd64/jdk8u201/12317/hotspot/src/share/vm/classfile/systemDictionary.cpp, line 21
Event: 23.939 Thread 0x00007f2dc56e7800 Exception <a 'java/lang/ClassNotFoundException': org/springframework/beans/factory/BeanClassLoaderAwareCustomizer> (0x000000078c623690) thrown at [/HUDSON/workspace/8-2-build-linux-amd64/jdk8u201/12317/hotspot/src/share/vm/classfile/systemDictionary.cpp, 
Event: 23.941 Thread 0x00007f2dc56e7800 Exception <a 'java/lang/ClassNotFoundException': org/springframework/context/EnvironmentAwareCustomizer> (0x000000078c6454d0) thrown at [/HUDSON/workspace/8-2-build-linux-amd64/jdk8u201/12317/hotspot/src/share/vm/classfile/systemDictionary.cpp, line 210]

Events (10 events):
Event: 67.733 loading class org/infinispan/spring/provider$SpringEmbeddedCacheManager done
Event: 67.735 loading class com/couchbase/client/java/Bucket
Event: 67.735 loading class com/couchbase/client/java/Bucket done
Event: 67.735 loading class com/couchbase/client/java$Bucket
Event: 67.735 loading class com/couchbase/client/java$Bucket done
Event: 67.736 loading class com/couchbase/client/spring/cache/CouchbaseCacheManager
Event: 67.736 loading class com/couchbase/client/spring/cache/CouchbaseCacheManager done
Event: 67.737 loading class com/couchbase/client/spring/cache$CouchbaseCacheManager
Event: 67.737 loading class com/couchbase/client/spring/cache$CouchbaseCacheManager done
Event: 67.741 Executing VM operation: ParallelGCFailedAllocation


Dynamic libraries:
00400000-00401000 r-xp 00000000 08:01 670044                             /usr/lib/jvm/java-8-oracle/bin/java
00600000-00601000 r--p 00000000 08:01 670044                             /usr/lib/jvm/java-8-oracle/bin/java
00601000-00602000 rw-p 00001000 08:01 670044                             /usr/lib/jvm/java-8-oracle/bin/java
00937000-00958000 rw-p 00000000 00:00 0                                  [heap]
709200000-713100000 rw-p 00000000 00:00 0 
713100000-783100000 ---p 00000000 00:00 0 
783100000-797b80000 rw-p 00000000 00:00 0 
79ba00000-7c0000000 ---p 00000000 00:00 0 
7c0000000-7c05e0000 rw-p 00000000 00:00 0 
7c05e0000-800000000 ---p 00000000 00:00 0 
7f2d64000000-7f2d641d8000 rw-p 00000000 00:00 0 
7f2d641d8000-7f2d68000000 ---p 00000000 00:00 0 
7f2d6b9aa000-7f2d6bbaa000 rw-p 00000000 00:00 0 
7f2d6bbaa000-7f2d6bbc1000 r-xp 00000000 08:01 1447602                    /lib/x86_64-linux-gnu/libgcc_s.so.1
7f2d6bbc1000-7f2d6bdc0000 ---p 00017000 08:01 1447602                    /lib/x86_64-linux-gnu/libgcc_s.so.1
7f2d6bdc0000-7f2d6bdc1000 r--p 00016000 08:01 1447602                    /lib/x86_64-linux-gnu/libgcc_s.so.1
7f2d6bdc1000-7f2d6bdc2000 rw-p 00017000 08:01 1447602                    /lib/x86_64-linux-gnu/libgcc_s.so.1
7f2d6bdc2000-7f2d6bdfa000 r-xp 00000000 08:01 671535                     /usr/lib/jvm/java-8-oracle/jre/lib/amd64/libsunec.so
7f2d6bdfa000-7f2d6bff9000 ---p 00038000 08:01 671535                     /usr/lib/jvm/java-8-oracle/jre/lib/amd64/libsunec.so
7f2d6bff9000-7f2d6bffe000 r--p 00037000 08:01 671535                     /usr/lib/jvm/java-8-oracle/jre/lib/amd64/libsunec.so
7f2d6bffe000-7f2d6c000000 rw-p 0003c000 08:01 671535                     /usr/lib/jvm/java-8-oracle/jre/lib/amd64/libsunec.so
7f2d6c000000-7f2d6cc16000 rw-p 00000000 00:00 0 
7f2d6cc16000-7f2d70000000 ---p 00000000 00:00 0 
7f2d70000000-7f2d70021000 rw-p 00000000 00:00 0 
7f2d70021000-7f2d74000000 ---p 00000000 00:00 0 
7f2d741da000-7f2d743da000 rw-p 00000000 00:00 0 
7f2d743da000-7f2d745da000 rw-p 00000000 00:00 0 
7f2d745da000-7f2d747da000 rw-p 00000000 00:00 0 
7f2d747da000-7f2d749d0000 rw-p 00000000 00:00 0 
7f2d749d0000-7f2d749da000 ---p 00000000 00:00 0 
7f2d749da000-7f2d74bda000 rw-p 00000000 00:00 0 
7f2d74bda000-7f2d74be3000 r-xp 00000000 08:01 671588                     /usr/lib/jvm/java-8-oracle/jre/lib/amd64/libmanagement.so
7f2d74be3000-7f2d74de2000 ---p 00009000 08:01 671588                     /usr/lib/jvm/java-8-oracle/jre/lib/amd64/libmanagement.so
7f2d74de2000-7f2d74de3000 r--p 00008000 08:01 671588                     /usr/lib/jvm/java-8-oracle/jre/lib/amd64/libmanagement.so
7f2d74de3000-7f2d74de4000 rw-p 00009000 08:01 671588                     /usr/lib/jvm/java-8-oracle/jre/lib/amd64/libmanagement.so
7f2d74de4000-7f2d74dfb000 r-xp 00000000 08:01 1447744                    /lib/x86_64-linux-gnu/libresolv-2.27.so
7f2d74dfb000-7f2d74ffb000 ---p 00017000 08:01 1447744                    /lib/x86_64-linux-gnu/libresolv-2.27.so
7f2d74ffb000-7f2d74ffc000 r--p 00017000 08:01 1447744                    /lib/x86_64-linux-gnu/libresolv-2.27.so
7f2d74ffc000-7f2d74ffd000 rw-p 00018000 08:01 1447744                    /lib/x86_64-linux-gnu/libresolv-2.27.so
7f2d74ffd000-7f2d78000000 rw-p 00000000 00:00 0 
7f2d78000000-7f2d78c2f000 rw-p 00000000 00:00 0 
7f2d78c2f000-7f2d7c000000 ---p 00000000 00:00 0 
7f2d7c000000-7f2d7c021000 rw-p 00000000 00:00 0 
7f2d7c021000-7f2d80000000 ---p 00000000 00:00 0 
7f2d80000000-7f2d81e36000 rw-p 00000000 00:00 0 
7f2d81e36000-7f2d84000000 ---p 00000000 00:00 0 
7f2d84000000-7f2d85c8b000 rw-p 00000000 00:00 0 
7f2d85c8b000-7f2d88000000 ---p 00000000 00:00 0 
7f2d88000000-7f2d88021000 rw-p 00000000 00:00 0 
7f2d88021000-7f2d8c000000 ---p 00000000 00:00 0 
7f2d8c000000-7f2d8c021000 rw-p 00000000 00:00 0 
7f2d8c021000-7f2d90000000 ---p 00000000 00:00 0 
7f2d90000000-7f2d90021000 rw-p 00000000 00:00 0 
7f2d90021000-7f2d94000000 ---p 00000000 00:00 0 
7f2d9412a000-7f2d94134000 r--s 00116000 08:01 671521                     /usr/lib/jvm/java-8-oracle/jre/lib/ext/localedata.jar
7f2d94134000-7f2d94150000 r--s 00393000 08:01 671514                     /usr/lib/jvm/java-8-oracle/jre/lib/ext/cldrdata.jar
7f2d94150000-7f2d94163000 r--s 00345000 08:01 671509                     /usr/lib/jvm/java-8-oracle/jre/lib/resources.jar
7f2d94163000-7f2d941f9000 r--s 0110e000 08:01 671515                     /usr/lib/jvm/java-8-oracle/jre/lib/ext/jfxrt.jar
7f2d941f9000-7f2d941fe000 r-xp 00000000 08:01 1447693                    /lib/x86_64-linux-gnu/libnss_dns-2.27.so
7f2d941fe000-7f2d943fe000 ---p 00005000 08:01 1447693                    /lib/x86_64-linux-gnu/libnss_dns-2.27.so
7f2d943fe000-7f2d943ff000 r--p 00005000 08:01 1447693                    /lib/x86_64-linux-gnu/libnss_dns-2.27.so
7f2d943ff000-7f2d94400000 rw-p 00006000 08:01 1447693                    /lib/x86_64-linux-gnu/libnss_dns-2.27.so
7f2d94400000-7f2d94402000 r-xp 00000000 08:01 1447701                    /lib/x86_64-linux-gnu/libnss_mdns4_minimal.so.2
7f2d94402000-7f2d94601000 ---p 00002000 08:01 1447701                    /lib/x86_64-linux-gnu/libnss_mdns4_minimal.so.2
7f2d94601000-7f2d94602000 r--p 00001000 08:01 1447701                    /lib/x86_64-linux-gnu/libnss_mdns4_minimal.so.2
7f2d94602000-7f2d94603000 rw-p 00002000 08:01 1447701                    /lib/x86_64-linux-gnu/libnss_mdns4_minimal.so.2
7f2d94603000-7f2d94609000 r--s 0003f000 08:01 671522                     /usr/lib/jvm/java-8-oracle/jre/lib/ext/sunjce_provider.jar
7f2d94609000-7f2d9460b000 r--s 00009000 08:01 671512                     /usr/lib/jvm/java-8-oracle/jre/lib/ext/sunec.jar
7f2d9460b000-7f2d9460f000 r--s 0003a000 08:01 671519                     /usr/lib/jvm/java-8-oracle/jre/lib/ext/sunpkcs11.jar
7f2d9460f000-7f2d94612000 r--s 0001a000 08:01 671596                     /usr/lib/jvm/java-8-oracle/jre/lib/jce.jar
7f2d94612000-7f2d94617000 r--s 002f9000 08:01 671498                     /usr/lib/jvm/java-8-oracle/jre/lib/charsets.jar
7f2d94617000-7f2d9461a000 ---p 00000000 00:00 0 
7f2d9461a000-7f2d94918000 rw-p 00000000 00:00 0 
7f2d94918000-7f2d94b18000 rw-p 00000000 00:00 0 
7f2d94b18000-7f2d94d18000 rw-p 00000000 00:00 0 
7f2d94d18000-7f2d94d1b000 ---p 00000000 00:00 0 
7f2d94d1b000-7f2d94e19000 rw-p 00000000 00:00 0 
7f2d94e19000-7f2d94e1e000 r--s 00039000 08:01 275842                     /home/ubuntu/.m2/repository/com/netflix/eureka/eureka-core/1.4.12/eureka-core-1.4.12.jar
7f2d94e1e000-7f2d94e37000 r--s 000fd000 08:01 265574                     /home/ubuntu/.m2/repository/org/springframework/spring-context/4.3.6.RELEASE/spring-context-4.3.6.RELEASE.jar
7f2d94e37000-7f2d94e38000 r--s 00004000 08:01 1461098                    /home/ubuntu/.m2/repository/org/springframework/security/spring-security-rsa/1.0.3.RELEASE/spring-security-rsa-1.0.3.RELEASE.jar
7f2d94e38000-7f2d94e3d000 r--s 00036000 08:01 1459875                    /home/ubuntu/.m2/repository/org/apache/tomcat/embed/tomcat-embed-el/8.5.11/tomcat-embed-el-8.5.11.jar
7f2d94e3d000-7f2d94e3f000 r--s 0000e000 08:01 265560                     /home/ubuntu/.m2/repository/com/fasterxml/classmate/1.3.3/classmate-1.3.3.jar
7f2d94e3f000-7f2d94e43000 r--s 00011000 08:01 2381053                    /home/ubuntu/.m2/repository/org/springframework/cloud/spring-cloud-commons/1.1.7.RELEASE/spring-cloud-commons-1.1.7.RELEASE.jar
7f2d94e43000-7f2d94e4a000 r--s 00060000 08:01 1325507                    /home/ubuntu/.m2/repository/io/netty/netty-common/4.0.27.Final/netty-common-4.0.27.Final.jar
7f2d94e4a000-7f2d94e73000 r--s 002b8000 08:01 1459873                    /home/ubuntu/.m2/repository/org/apache/tomcat/embed/tomcat-embed-core/8.5.11/tomcat-embed-core-8.5.11.jar
7f2d94e73000-7f2d94e76000 r--s 0000c000 08:01 1704570                    /home/ubuntu/.m2/repository/org/springframework/spring-aspects/4.3.6.RELEASE/spring-aspects-4.3.6.RELEASE.jar
7f2d94e76000-7f2d94e78000 r--s 00006000 08:01 1459863                    /home/ubuntu/.m2/repository/javax/transaction/javax.transaction-api/1.2/javax.transaction-api-1.2.jar
7f2d94e78000-7f2d94e96000 r--s 000d0000 08:01 265524                     /home/ubuntu/.m2/repository/org/springframework/boot/spring-boot-autoconfigure/1.4.4.RELEASE/spring-boot-autoconfigure-1.4.4.RELEASE.jar
7f2d94e96000-7f2d94e98000 r--s 0000f000 08:01 275809                     /home/ubuntu/.m2/repository/com/netflix/netflix-commons/netflix-eventbus/0.3.0/netflix-eventbus-0.3.0.jar
7f2d94e98000-7f2d94e9c000 r--s 00027000 08:01 275826                     /home/ubuntu/.m2/repository/com/netflix/servo/servo-internal/0.10.1/servo-internal-0.10.1.jar
7f2d94e9c000-7f2d94e9e000 r--s 00000000 08:01 1459837                    /home/ubuntu/.m2/repository/org/slf4j/jul-to-slf4j/1.7.22/jul-to-slf4j-1.7.22.jar
7f2d94e9e000-7f2d94eab000 r--s 00083000 08:01 1462496                    /home/ubuntu/.m2/repository/commons-collections/commons-collections/3.2.2/commons-collections-3.2.2.jar
7f2d94eab000-7f2d94eaf000 r--s 00024000 08:01 275865                     /home/ubuntu/.m2/repository/org/codehaus/woodstox/stax2-api/3.1.4/stax2-api-3.1.4.jar
7f2d94eaf000-7f2d94eb0000 r--s 00000000 08:01 1459827                    /home/ubuntu/.m2/repository/org/springframework/boot/spring-boot-starter-logging/1.4.4.RELEASE/spring-boot-starter-logging-1.4.4.RELEASE.jar
7f2d94eb0000-7f2d94eb2000 r--s 00004000 08:01 1459839                    /home/ubuntu/.m2/repository/org/slf4j/log4j-over-slf4j/1.7.22/log4j-over-slf4j-1.7.22.jar
7f2d94eb2000-7f2d94eb4000 r--s 00002000 08:01 275830                     /home/ubuntu/.m2/repository/com/netflix/netflix-commons/netflix-statistics/0.1.1/netflix-statistics-0.1.1.jar
7f2d94eb4000-7f2d94ec5000 r--s 0008a000 08:01 275812                     /home/ubuntu/.m2/repository/joda-time/joda-time/2.9.7/joda-time-2.9.7.jar
7f2d94ec5000-7f2d94ec7000 r--s 00005000 08:01 530822                     /home/ubuntu/.m2/repository/xpp3/xpp3_min/1.1.4c/xpp3_min-1.1.4c.jar
7f2d94ec7000-7f2d94ed1000 r--s 0006b000 08:01 1733513                    /home/ubuntu/.m2/repository/org/springframework/spring-orm/4.3.6.RELEASE/spring-orm-4.3.6.RELEASE.jar
7f2d94ed1000-7f2d94ed8000 r--s 00047000 08:01 1325505                    /home/ubuntu/.m2/repository/io/netty/netty-transport/4.0.27.Final/netty-transport-4.0.27.Final.jar
7f2d94ed8000-7f2d94ed9000 r--s 00000000 08:01 268072                     /home/ubuntu/.m2/repository/org/springframework/cloud/spring-cloud-starter/1.1.7.RELEASE/spring-cloud-starter-1.1.7.RELEASE.jar
7f2d94ed9000-7f2d94eda000 r--s 00000000 08:01 275858                     /home/ubuntu/.m2/repository/org/springframework/cloud/spring-cloud-starter-ribbon/1.2.5.RELEASE/spring-cloud-starter-ribbon-1.2.5.RELEASE.jar
7f2d94eda000-7f2d94ee9000 r--s 001a7000 08:01 1461106                    /home/ubuntu/.m2/repository/com/h2database/h2/1.4.193/h2-1.4.193.jar
7f2d94ee9000-7f2d94eed000 r--s 00041000 08:01 1460818                    /home/ubuntu/.m2/repository/com/fasterxml/jackson/core/jackson-core/2.8.6/jackson-core-2.8.6.jar
7f2d94eed000-7f2d94eef000 r--s 00009000 08:01 275849                     /home/ubuntu/.m2/repository/com/google/inject/extensions/guice-assistedinject/4.0/guice-assistedinject-4.0.jar
7f2d94eef000-7f2d94ef9000 r--s 00059000 08:01 1199258                    /home/ubuntu/.m2/repository/io/reactivex/rxnetty/0.4.9/rxnetty-0.4.9.jar
7f2d94ef9000-7f2d94efa000 r--s 00000000 08:01 1459871                    /home/ubuntu/.m2/repository/org/springframework/boot/spring-boot-starter-tomcat/1.4.4.RELEASE/spring-boot-starter-tomcat-1.4.4.RELEASE.jar
7f2d94efa000-7f2d94f00000 r--s 00044000 08:01 275811                     /home/ubuntu/.m2/repository/commons-jxpath/commons-jxpath/1.3/commons-jxpath-1.3.jar
7f2d94f00000-7f2d94f02000 r--s 00004000 08:01 275803                     /home/ubuntu/.m2/repository/com/netflix/governator/governator-api/1.12.10/governator-api-1.12.10.jar
7f2d94f02000-7f2d94f0d000 r--s 00069000 08:01 1459831                    /home/ubuntu/.m2/repository/ch/qos/logback/logback-core/1.1.9/logback-core-1.1.9.jar
7f2d94f0d000-7f2d94f13000 r--s 00071000 08:01 275820                     /home/ubuntu/.m2/repository/org/codehaus/woodstox/woodstox-core-asl/4.4.1/woodstox-core-asl-4.4.1.jar
7f2d94f13000-7f2d94f14000 r--s 00001000 08:01 530819                     /home/ubuntu/.m2/repository/xmlpull/xmlpull/1.1.3.1/xmlpull-1.1.3.1.jar
7f2d94f14000-7f2d94f17000 r--s 0000b000 08:01 265564                     /home/ubuntu/.m2/repository/com/fasterxml/jackson/core/jackson-annotations/2.8.6/jackson-annotations-2.8.6.jar
7f2d94f17000-7f2d94f19000 r--s 0000c000 08:01 534034                     /home/ubuntu/.m2/repository/org/ow2/asm/asm/5.0.4/asm-5.0.4.jar
7f2d94f19000-7f2d94f26000 r--s 000a7000 08:01 532777                     /home/ubuntu/.m2/repository/org/apache/httpcomponents/httpclient/4.5.2/httpclient-4.5.2.jar
7f2d94f26000-7f2d94f27000 r--s 00000000 08:01 1459843                    /home/ubuntu/.m2/repository/org/springframework/boot/spring-boot-starter-aop/1.4.4.RELEASE/spring-boot-starter-aop-1.4.4.RELEASE.jar
7f2d94f27000-7f2d94f2d000 r--s 0003d000 08:01 1459841                    /home/ubuntu/.m2/repository/org/yaml/snakeyaml/1.17/snakeyaml-1.17.jar
7f2d94f2d000-7f2d94f2f000 r--s 0000c000 08:01 275845                     /home/ubuntu/.m2/repository/com/google/inject/extensions/guice-grapher/4.0/guice-grapher-4.0.jar
7f2d94f2f000-7f2d94f32000 r--s 00020000 08:01 1704568                    /home/ubuntu/.m2/repository/org/apache/tomcat/tomcat-jdbc/8.5.11/tomcat-jdbc-8.5.11.jar
7f2d94f32000-7f2d94f42000 r--s 0009a000 08:01 1459867                    /home/ubuntu/.m2/repository/org/springframework/data/spring-data-commons/1.12.7.RELEASE/spring-data-commons-1.12.7.RELEASE.jar
7f2d94f42000-7f2d94f47000 r--s 00068000 08:01 1459851                    /home/ubuntu/.m2/repository/antlr/antlr/2.7.7/antlr-2.7.7.jar
7f2d94f47000-7f2d94f48000 r--s 00000000 08:01 1459809                    /home/ubuntu/.m2/repository/org/springframework/boot/spring-boot-starter-data-jpa/1.4.4.RELEASE/spring-boot-starter-data-jpa-1.4.4.RELEASE.jar
7f2d94f48000-7f2d94f4c000 r--s 00017000 08:01 275802                     /home/ubuntu/.m2/repository/org/springframework/retry/spring-retry/1.1.5.RELEASE/spring-retry-1.1.5.RELEASE.jar
7f2d94f4c000-7f2d94f51000 r--s 00032000 08:01 275881                     /home/ubuntu/.m2/repository/com/netflix/servo/servo-core/0.10.1/servo-core-0.10.1.jar
7f2d94f51000-7f2d94f59000 r--s 0003a000 08:01 268069                     /home/ubuntu/.m2/repository/org/springframework/spring-tx/4.3.6.RELEASE/spring-tx-4.3.6.RELEASE.jar
7f2d94f59000-7f2d94f5d000 r--s 00011000 08:01 275823                     /home/ubuntu/.m2/repository/com/netflix/ribbon/ribbon-core/2.2.0/ribbon-core-2.2.0.jar
7f2d94f5d000-7f2d94f5f000 r--s 0000c000 08:01 1979697                    /home/ubuntu/.m2/repository/org/springframework/security/spring-security-crypto/4.1.4.RELEASE/spring-security-crypto-4.1.4.RELEASE.jar
7f2d94f5f000-7f2d94f60000 r--s 00000000 08:01 1459811                    /home/ubuntu/.m2/repository/org/springframework/boot/spring-boot-starter/1.4.4.RELEASE/spring-boot-starter-1.4.4.RELEASE.jar
7f2d94f60000-7f2d94f67000 r--s 0003f000 08:01 1459865                    /home/ubuntu/.m2/repository/org/springframework/data/spring-data-jpa/1.10.7.RELEASE/spring-data-jpa-1.10.7.RELEASE.jar
7f2d94f67000-7f2d94f69000 r--s 0000c000 08:01 275888                     /home/ubuntu/.m2/repository/com/netflix/ribbon/ribbon-httpclient/2.2.0/ribbon-httpclient-2.2.0.jar
7f2d94f69000-7f2d94f6a000 r--s 00000000 08:01 275877                     /home/ubuntu/.m2/repository/org/springframework/cloud/spring-cloud-starter-archaius/1.2.5.RELEASE/spring-cloud-starter-archaius-1.2.5.RELEASE.jar
7f2d94f6a000-7f2d94f7a000 r--s 0009c000 08:01 1459879                    /home/ubuntu/.m2/repository/org/hibernate/hibernate-validator/5.2.4.Final/hibernate-validator-5.2.4.Final.jar
7f2d94f7a000-7f2d94f83000 r--s 0004e000 08:01 275859                     /home/ubuntu/.m2/repository/org/springframework/cloud/spring-cloud-netflix-core/1.2.5.RELEASE/spring-cloud-netflix-core-1.2.5.RELEASE.jar
7f2d94f83000-7f2d94f88000 r--s 00036000 08:01 1325503                    /home/ubuntu/.m2/repository/io/netty/netty-handler/4.0.27.Final/netty-handler-4.0.27.Final.jar
7f2d94f88000-7f2d94f8e000 r--s 0007e000 08:01 801023                     /home/ubuntu/.m2/repository/postgresql/postgresql/9.1-901.jdbc4/postgresql-9.1-901.jdbc4.jar
7f2d94f8e000-7f2d94f90000 r--s 00009000 08:01 1459833                    /home/ubuntu/.m2/repository/org/slf4j/slf4j-api/1.7.22/slf4j-api-1.7.22.jar
7f2d94f90000-7f2d94f93000 r--s 0001e000 08:01 275884                     /home/ubuntu/.m2/repository/com/sun/jersey/jersey-client/1.19.1/jersey-client-1.19.1.jar
7f2d94f93000-7f2d94f97000 r--s 00025000 08:01 275817                     /home/ubuntu/.m2/repository/org/antlr/antlr-runtime/3.4/antlr-runtime-3.4.jar
7f2d94f97000-7f2d94f99000 r--s 00005000 08:01 275806                     /home/ubuntu/.m2/repository/stax/stax-api/1.0.1/stax-api-1.0.1.jar
7f2d94f99000-7f2d94f9b000 r--s 0000f000 08:01 1459849                    /home/ubuntu/.m2/repository/org/jboss/logging/jboss-logging/3.3.0.Final/jboss-logging-3.3.0.Final.jar
7f2d94f9b000-7f2d94f9c000 r--s 00000000 08:01 1459869                    /home/ubuntu/.m2/repository/org/springframework/boot/spring-boot-starter-web/1.4.4.RELEASE/spring-boot-starter-web-1.4.4.RELEASE.jar
7f2d94f9c000-7f2d94fa9000 r--s 00089000 08:01 1459861                    /home/ubuntu/.m2/repository/org/hibernate/hibernate-entitymanager/5.0.11.Final/hibernate-entitymanager-5.0.11.Final.jar
7f2d94fa9000-7f2d94fb3000 r--s 0005f000 08:01 2232642                    /home/ubuntu/.m2/repository/org/springframework/spring-jdbc/4.3.6.RELEASE/spring-jdbc-4.3.6.RELEASE.jar
7f2d94fb3000-7f2d94fb7000 r--s 00015000 08:01 1733517                    /home/ubuntu/.m2/repository/org/springframework/cloud/spring-cloud-context/1.1.7.RELEASE/spring-cloud-context-1.1.7.RELEASE.jar
7f2d94fb7000-7f2d94fb9000 r--s 00003000 08:01 275828                     /home/ubuntu/.m2/repository/com/sun/jersey/contribs/jersey-apache-client4/1.19.1/jersey-apache-client4-1.19.1.jar
7f2d94fb9000-7f2d95022000 r--s 004f3000 08:01 1192522                    /home/ubuntu/.m2/repository/org/hibernate/hibernate-core/5.0.11.Final/hibernate-core-5.0.11.Final.jar
7f2d95022000-7f2d95024000 r--s 00004000 08:01 275833                     /home/ubuntu/.m2/repository/javax/xml/stream/stax-api/1.0-2/stax-api-1.0-2.jar
7f2d95024000-7f2d95029000 r--s 00036000 08:01 1459877                    /home/ubuntu/.m2/repository/org/apache/tomcat/embed/tomcat-embed-websocket/8.5.11/tomcat-embed-websocket-8.5.11.jar
7f2d95029000-7f2d9502c000 r--s 0002b000 08:01 1459853                    /home/ubuntu/.m2/repository/org/jboss/jandex/2.0.0.Final/jandex-2.0.0.Final.jar
7f2d9502c000-7f2d9503a000 r--s 00079000 08:01 1069910                    /home/ubuntu/.m2/repository/com/thoughtworks/xstream/xstream/1.4.9/xstream-1.4.9.jar
7f2d9503a000-7f2d9503f000 r--s 00034000 08:01 275819                     /home/ubuntu/.m2/repository/com/google/code/gson/gson/2.7/gson-2.7.jar
7f2d9503f000-7f2d95041000 r--s 00006000 08:01 1461104                    /home/ubuntu/.m2/repository/org/springframework/cloud/spring-cloud-config-client/1.2.2.RELEASE/spring-cloud-config-client-1.2.2.RELEASE.jar
7f2d95041000-7f2d95044000 r--s 00012000 08:01 275804                     /home/ubuntu/.m2/repository/org/codehaus/jettison/jettison/1.3.7/jettison-1.3.7.jar
7f2d95044000-7f2d95046000 r--s 0000a000 08:01 1199254                    /home/ubuntu/.m2/repository/javax/ws/rs/jsr311-api/1.1.1/jsr311-api-1.1.1.jar
7f2d95046000-7f2d95053000 r--s 00066000 08:01 275869                     /home/ubuntu/.m2/repository/com/netflix/hystrix/hystrix-core/1.5.6/hystrix-core-1.5.6.jar
7f2d95053000-7f2d9505a000 r--s 0003f000 08:01 1197740                    /home/ubuntu/.m2/repository/commons-codec/commons-codec/1.10/commons-codec-1.10.jar
7f2d9505a000-7f2d95064000 r--s 00061000 08:01 275840                     /home/ubuntu/.m2/repository/com/sun/jersey/jersey-core/1.19.1/jersey-core-1.19.1.jar
7f2d95064000-7f2d95069000 r--s 0003c000 08:01 1459823                    /home/ubuntu/.m2/repository/org/springframework/spring-expression/4.3.6.RELEASE/spring-expression-4.3.6.RELEASE.jar
7f2d95069000-7f2d95079000 r--s 00092000 08:01 1459813                    /home/ubuntu/.m2/repository/org/springframework/boot/spring-boot/1.4.4.RELEASE/spring-boot-1.4.4.RELEASE.jar
7f2d95079000-7f2d95279000 rw-p 00000000 00:00 0 
7f2d95279000-7f2d9527a000 r--s 00000000 08:01 531362                     /home/ubuntu/.m2/repository/javax/inject/javax.inject/1/javax.inject-1.jar
7f2d9527a000-7f2d9527c000 r--s 00009000 08:01 1966145                    /home/ubuntu/.m2/repository/org/apache/tomcat/tomcat-juli/8.5.11/tomcat-juli-8.5.11.jar
7f2d9527c000-7f2d95294000 r--s 000fd000 08:01 1069914                    /home/ubuntu/.m2/repository/io/reactivex/rxjava/1.1.10/rxjava-1.1.10.jar
7f2d95294000-7f2d95295000 r--s 00000000 08:01 1837017                    /home/ubuntu/.m2/repository/org/springframework/cloud/spring-cloud-starter-config/1.2.2.RELEASE/spring-cloud-starter-config-1.2.2.RELEASE.jar
7f2d95295000-7f2d95299000 r--s 00024000 08:01 275863                     /home/ubuntu/.m2/repository/com/netflix/ribbon/ribbon-loadbalancer/2.2.0/ribbon-loadbalancer-2.2.0.jar
7f2d95299000-7f2d9529e000 r--s 00017000 08:01 1325190                    /home/ubuntu/.m2/repository/org/hibernate/javax/persistence/hibernate-jpa-2.1-api/1.0.0.Final/hibernate-jpa-2.1-api-1.0.0.Final.jar
7f2d9529e000-7f2d952a3000 r--s 00041000 08:01 532110                     /home/ubuntu/.m2/repository/commons-lang/commons-lang/2.6/commons-lang-2.6.jar
7f2d952a3000-7f2d952ac000 r--s 00054000 08:01 1459819                    /home/ubuntu/.m2/repository/org/springframework/spring-aop/4.3.6.RELEASE/spring-aop-4.3.6.RELEASE.jar
7f2d952ac000-7f2d952ae000 r--s 0001a000 08:01 1462492                    /home/ubuntu/.m2/repository/org/hdrhistogram/HdrHistogram/2.1.9/HdrHistogram-2.1.9.jar
7f2d952ae000-7f2d952f8000 r--s 002f4000 08:01 1461102                    /home/ubuntu/.m2/repository/org/bouncycastle/bcprov-jdk15on/1.55/bcprov-jdk15on-1.55.jar
7f2d952f8000-7f2d952fa000 r--s 00016000 08:01 1462494                    /home/ubuntu/.m2/repository/io/netty/netty-transport-native-epoll/4.0.27.Final/netty-transport-native-epoll-4.0.27.Final.jar
7f2d952fa000-7f2d952fb000 r--s 00000000 08:01 275896                     /home/ubuntu/.m2/repository/org/springframework/cloud/spring-cloud-starter-eureka/1.2.5.RELEASE/spring-cloud-starter-eureka-1.2.5.RELEASE.jar
7f2d952fb000-7f2d9530c000 r--s 00096000 08:01 1461100                    /home/ubuntu/.m2/repository/org/bouncycastle/bcpkix-jdk15on/1.55/bcpkix-jdk15on-1.55.jar
7f2d9530c000-7f2d9530f000 r--s 0000b000 08:01 1462488                    /home/ubuntu/.m2/repository/io/reactivex/rxnetty-contexts/0.4.9/rxnetty-contexts-0.4.9.jar
7f2d9530f000-7f2d95310000 r--s 00003000 08:01 275879                     /home/ubuntu/.m2/repository/com/netflix/ribbon/ribbon-eureka/2.2.0/ribbon-eureka-2.2.0.jar
7f2d95310000-7f2d95312000 r--s 00012000 08:01 275841                     /home/ubuntu/.m2/repository/com/google/inject/extensions/guice-multibindings/4.0/guice-multibindings-4.0.jar
7f2d95312000-7f2d95324000 r--s 000b6000 08:01 1460821                    /home/ubuntu/.m2/repository/org/springframework/spring-web/4.3.6.RELEASE/spring-web-4.3.6.RELEASE.jar
7f2d95324000-7f2d9533d000 r--s 001af000 08:01 801021                     /home/ubuntu/.m2/repository/org/aspectj/aspectjweaver/1.8.9/aspectjweaver-1.8.9.jar
7f2d9533d000-7f2d9534e000 r--s 0011d000 08:01 1459901                    /home/ubuntu/.m2/repository/com/fasterxml/jackson/core/jackson-databind/2.8.6/jackson-databind-2.8.6.jar
7f2d9534e000-7f2d95354000 r--s 00045000 08:01 1459829                    /home/ubuntu/.m2/repository/ch/qos/logback/logback-classic/1.1.9/logback-classic-1.1.9.jar
7f2d95354000-7f2d9535c000 r--s 00061000 08:01 1069918                    /home/ubuntu/.m2/repository/io/netty/netty-codec-http/4.0.27.Final/netty-codec-http-4.0.27.Final.jar
7f2d9535c000-7f2d95361000 r--s 00048000 08:01 1459855                    /home/ubuntu/.m2/repository/dom4j/dom4j/1.6.1/dom4j-1.6.1.jar
7f2d95361000-7f2d95364000 r--s 00013000 08:01 275862                     /home/ubuntu/.m2/repository/com/netflix/ribbon/ribbon/2.2.0/ribbon-2.2.0.jar
7f2d95364000-7f2d95368000 r--s 0000c000 08:01 1459881                    /home/ubuntu/.m2/repository/javax/validation/validation-api/1.1.0.Final/validation-api-1.1.0.Final.jar
7f2d95368000-7f2d9536a000 r--s 00027000 08:01 1325504                    /home/ubuntu/.m2/repository/io/netty/netty-buffer/4.0.27.Final/netty-buffer-4.0.27.Final.jar
7f2d9536a000-7f2d9536c000 r--s 00006000 08:01 1462490                    /home/ubuntu/.m2/repository/io/reactivex/rxnetty-servo/0.4.9/rxnetty-servo-0.4.9.jar
7f2d9536c000-7f2d9537a000 r--s 000ad000 08:01 265572                     /home/ubuntu/.m2/repository/org/springframework/spring-beans/4.3.6.RELEASE/spring-beans-4.3.6.RELEASE.jar
7f2d9537a000-7f2d95382000 r--s 00048000 08:01 532780                     /home/ubuntu/.m2/repository/org/apache/httpcomponents/httpcore/4.4.6/httpcore-4.4.6.jar
7f2d95382000-7f2d95386000 r--s 00017000 08:01 275850                     /home/ubuntu/.m2/repository/com/netflix/governator/governator-core/1.12.10/governator-core-1.12.10.jar
7f2d95386000-7f2d95389000 r--s 0000f000 08:01 275800                     /home/ubuntu/.m2/repository/org/springframework/cloud/spring-cloud-netflix-eureka-client/1.2.5.RELEASE/spring-cloud-netflix-eureka-client-1.2.5.RELEASE.jar
7f2d95389000-7f2d9539a000 r--s 000cf000 08:01 1461088                    /home/ubuntu/.m2/repository/org/springframework/spring-webmvc/4.3.6.RELEASE/spring-webmvc-4.3.6.RELEASE.jar
7f2d9539a000-7f2d9539e000 r--s 0001e000 08:01 275889                     /home/ubuntu/.m2/repository/com/netflix/archaius/archaius-core/0.7.4/archaius-core-0.7.4.jar
7f2d9539e000-7f2d953b1000 r--s 000df000 08:01 1069906                    /home/ubuntu/.m2/repository/org/apache/commons/commons-math/2.2/commons-math-2.2.jar
7f2d953b1000-7f2d953b5000 r--s 00020000 08:01 1199260                    /home/ubuntu/.m2/repository/io/netty/netty-codec/4.0.27.Final/netty-codec-4.0.27.Final.jar
7f2d953b5000-7f2d953b8000 r--s 00022000 08:01 275810                     /home/ubuntu/.m2/repository/org/antlr/stringtemplate/3.2.1/stringtemplate-3.2.1.jar
7f2d953b8000-7f2d953c1000 r--s 0002d000 08:01 532732                     /home/ubuntu/.m2/repository/xml-apis/xml-apis/1.4.01/xml-apis-1.4.01.jar
7f2d953c1000-7f2d953c9000 r--s 00057000 08:01 275883                     /home/ubuntu/.m2/repository/com/netflix/eureka/eureka-client/1.4.12/eureka-client-1.4.12.jar
7f2d953c9000-7f2d953ca000 r--s 00000000 08:01 1459845                    /home/ubuntu/.m2/repository/org/springframework/boot/spring-boot-starter-jdbc/1.4.4.RELEASE/spring-boot-starter-jdbc-1.4.4.RELEASE.jar
7f2d953ca000-7f2d953d0000 r--s 00031000 08:01 275846                     /home/ubuntu/.m2/repository/com/netflix/governator/governator/1.12.10/governator-1.12.10.jar
7f2d953d0000-7f2d953d3000 r--s 00016000 08:01 275796                     /home/ubuntu/.m2/repository/com/netflix/netflix-commons/netflix-infix/0.3.0/netflix-infix-0.3.0.jar
7f2d953d3000-7f2d953d5000 r--s 00003000 08:01 1459835                    /home/ubuntu/.m2/repository/org/slf4j/jcl-over-slf4j/1.7.22/jcl-over-slf4j-1.7.22.jar
7f2d953d5000-7f2d953d8000 r--s 00010000 08:01 1459859                    /home/ubuntu/.m2/repository/org/hibernate/common/hibernate-commons-annotations/5.0.1.Final/hibernate-commons-annotations-5.0.1.Final.jar
7f2d953d8000-7f2d953e6000 r--s 00096000 08:01 275829                     /home/ubuntu/.m2/repository/com/google/inject/guice/4.0/guice-4.0.jar
7f2d953e6000-7f2d953f4000 r--s 00068000 08:01 1461092                    /home/ubuntu/.m2/repository/org/springframework/boot/spring-boot-actuator/1.4.4.RELEASE/spring-boot-actuator-1.4.4.RELEASE.jar
7f2d953f4000-7f2d953f5000 r--s 00000000 08:01 1461090                    /home/ubuntu/.m2/repository/org/springframework/boot/spring-boot-starter-actuator/1.4.4.RELEASE/spring-boot-starter-actuator-1.4.4.RELEASE.jar
7f2d953f5000-7f2d953f6000 r--s 00009000 08:01 275878                     /home/ubuntu/.m2/repository/com/netflix/ribbon/ribbon-transport/2.2.0/ribbon-transport-2.2.0.jar
7f2d953f6000-7f2d953fd000 r--s 00050000 08:01 275872                     /home/ubuntu/.m2/repository/commons-configuration/commons-configuration/1.8/commons-configuration-1.8.jar
7f2d953fd000-7f2d95407000 r--s 000ae000 08:01 532733                     /home/ubuntu/.m2/repository/org/javassist/javassist/3.20.0-GA/javassist-3.20.0-GA.jar
7f2d95407000-7f2d95408000 r--s 00001000 08:01 275894                     /home/ubuntu/.m2/repository/com/netflix/netflix-commons/netflix-commons-util/0.1.1/netflix-commons-util-0.1.1.jar
7f2d95408000-7f2d95433000 r--s 001fc000 08:01 531429                     /home/ubuntu/.m2/repository/com/google/guava/guava/18.0/guava-18.0.jar
7f2d95433000-7f2d95434000 r--s 00008000 08:01 531427                     /home/ubuntu/.m2/repository/asm/asm-util/3.2/asm-util-3.2.jar
7f2d95434000-7f2d95435000 r--s 00004000 08:01 531425                     /home/ubuntu/.m2/repository/asm/asm-analysis/3.2/asm-analysis-3.2.jar
7f2d95435000-7f2d95438000 r--s 00013000 08:01 531422                     /home/ubuntu/.m2/repository/commons-io/commons-io/1.3.2/commons-io-1.3.2.jar
7f2d95438000-7f2d95439000 r--s 00002000 08:01 531421                     /home/ubuntu/.m2/repository/org/vafer/jdependency/0.7/jdependency-0.7.jar
7f2d95439000-7f2d9543c000 r--s 0000c000 08:01 531419                     /home/ubuntu/.m2/repository/org/apache/maven/shared/maven-dependency-tree/2.1/maven-dependency-tree-2.1.jar
7f2d9543c000-7f2d9543f000 r--s 00023000 08:01 531418                     /home/ubuntu/.m2/repository/org/jdom/jdom/1.1/jdom-1.1.jar
7f2d9543f000-7f2d95441000 r--s 00004000 08:01 531414                     /home/ubuntu/.m2/repository/asm/asm-tree/3.3.1/asm-tree-3.3.1.jar
7f2d95441000-7f2d95443000 r--s 00008000 08:01 531413                     /home/ubuntu/.m2/repository/asm/asm-commons/3.3.1/asm-commons-3.3.1.jar
7f2d95443000-7f2d9544e000 r--s 00069000 08:01 530536                     /home/ubuntu/.m2/repository/org/sonatype/sisu/sisu-guice/2.1.7/sisu-guice-2.1.7-noaop.jar
7f2d9544e000-7f2d95453000 r--s 00021000 08:01 530535                     /home/ubuntu/.m2/repository/org/sonatype/sisu/sisu-inject-bean/1.4.2/sisu-inject-bean-1.4.2.jar
7f2d95453000-7f2d95455000 r--s 00017000 08:01 531404                     /home/ubuntu/.m2/repository/org/apache/maven/plugins/maven-shade-plugin/2.2/maven-shade-plugin-2.2.jar
7f2d95455000-7f2d95457000 r--s 00001000 08:01 531403                     /home/ubuntu/.m2/repository/org/sonatype/plexus/plexus-build-api/0.0.7/plexus-build-api-0.0.7.jar
7f2d95457000-7f2d9545b000 r--s 00038000 08:01 531400                     /home/ubuntu/.m2/repository/org/codehaus/plexus/plexus-utils/3.0.20/plexus-utils-3.0.20.jar
7f2d9545b000-7f2d95462000 r--s 00056000 08:01 531399                     /home/ubuntu/.m2/repository/org/apache/commons/commons-compress/1.9/commons-compress-1.9.jar
7f2d95462000-7f2d95466000 r--s 0000f000 08:01 531396                     /home/ubuntu/.m2/repository/org/codehaus/plexus/plexus-io/2.3.2/plexus-io-2.3.2.jar
7f2d95466000-7f2d95666000 rw-p 00000000 00:00 0 
7f2d95666000-7f2d95866000 rw-p 00000000 00:00 0 
7f2d95866000-7f2d95a66000 rw-p 00000000 00:00 0 
7f2d95a66000-7f2d95a77000 r-xp 00000000 08:01 671583                     /usr/lib/jvm/java-8-oracle/jre/lib/amd64/libnio.so
7f2d95a77000-7f2d95c76000 ---p 00011000 08:01 671583                     /usr/lib/jvm/java-8-oracle/jre/lib/amd64/libnio.so
7f2d95c76000-7f2d95c77000 r--p 00010000 08:01 671583                     /usr/lib/jvm/java-8-oracle/jre/lib/amd64/libnio.so
7f2d95c77000-7f2d95c78000 rw-p 00011000 08:01 671583                     /usr/lib/jvm/java-8-oracle/jre/lib/amd64/libnio.so
7f2d95c78000-7f2d95c8e000 r-xp 00000000 08:01 671580                     /usr/lib/jvm/java-8-oracle/jre/lib/amd64/libnet.so
7f2d95c8e000-7f2d95e8e000 ---p 00016000 08:01 671580                     /usr/lib/jvm/java-8-oracle/jre/lib/amd64/libnet.so
7f2d95e8e000-7f2d95e8f000 r--p 00016000 08:01 671580                     /usr/lib/jvm/java-8-oracle/jre/lib/amd64/libnet.so
7f2d95e8f000-7f2d95e90000 rw-p 00017000 08:01 671580                     /usr/lib/jvm/java-8-oracle/jre/lib/amd64/libnet.so
7f2d95e90000-7f2d96090000 rw-p 00000000 00:00 0 
7f2d96090000-7f2d96290000 rw-p 00000000 00:00 0 
7f2d96290000-7f2d96490000 rw-p 00000000 00:00 0 
7f2d96490000-7f2d9c000000 rw-p 00000000 00:00 0 
7f2d9c000000-7f2d9c021000 rw-p 00000000 00:00 0 
7f2d9c021000-7f2da0000000 ---p 00000000 00:00 0 
7f2da0000000-7f2da02b5000 rw-p 00000000 00:00 0 
7f2da02b5000-7f2da4000000 ---p 00000000 00:00 0 
7f2da4000000-7f2da4021000 rw-p 00000000 00:00 0 
7f2da4021000-7f2da8000000 ---p 00000000 00:00 0 
7f2da8000000-7f2da8021000 rw-p 00000000 00:00 0 
7f2da8021000-7f2dac000000 ---p 00000000 00:00 0 
7f2dac000000-7f2dac021000 rw-p 00000000 00:00 0 
7f2dac021000-7f2db0000000 ---p 00000000 00:00 0 
7f2db0000000-7f2db0001000 r--s 0000a000 08:01 531412                     /home/ubuntu/.m2/repository/asm/asm/3.3.1/asm-3.3.1.jar
7f2db0001000-7f2db0005000 r--s 0001f000 08:01 531395                     /home/ubuntu/.m2/repository/org/codehaus/plexus/plexus-archiver/2.8.1/plexus-archiver-2.8.1.jar
7f2db0005000-7f2db0007000 r--s 00009000 08:01 531394                     /home/ubuntu/.m2/repository/org/hamcrest/hamcrest-core/1.3/hamcrest-core-1.3.jar
7f2db0007000-7f2db000f000 r--s 00045000 08:01 531393                     /home/ubuntu/.m2/repository/junit/junit/4.12/junit-4.12.jar
7f2db000f000-7f2db0018000 r--s 0006f000 08:01 531389                     /home/ubuntu/.m2/repository/log4j/log4j/1.2.17/log4j-1.2.17.jar
7f2db0018000-7f2db001a000 r--s 00006000 08:01 531379                     /home/ubuntu/.m2/repository/org/apache/maven/shared/maven-common-artifact-filters/1.4/maven-common-artifact-filters-1.4.jar
7f2db001a000-7f2db001c000 r--s 00002000 08:01 530543                     /home/ubuntu/.m2/repository/org/sonatype/plexus/plexus-cipher/1.4/plexus-cipher-1.4.jar
7f2db001c000-7f2db001d000 r--s 00006000 08:01 530542                     /home/ubuntu/.m2/repository/org/sonatype/plexus/plexus-sec-dispatcher/1.3/plexus-sec-dispatcher-1.3.jar
7f2db001d000-7f2db0023000 r--s 00042000 08:01 531369                     /home/ubuntu/.m2/repository/org/eclipse/sisu/org.eclipse.sisu.inject/0.0.0.M5/org.eclipse.sisu.inject-0.0.0.M5.jar
7f2db0023000-7f2db0025000 r--s 00000000 08:01 531366                     /home/ubuntu/.m2/repository/aopalliance/aopalliance/1.0/aopalliance-1.0.jar
7f2db0025000-7f2db002d000 r--s 00050000 08:01 531365                     /home/ubuntu/.m2/repository/org/sonatype/sisu/sisu-guice/3.1.0/sisu-guice-3.1.0-no_aop.jar
7f2db002d000-7f2db0030000 r--s 00008000 08:01 531358                     /home/ubuntu/.m2/repository/javax/enterprise/cdi-api/1.0/cdi-api-1.0.jar
7f2db0030000-7f2db0034000 r--s 00020000 08:01 531356                     /home/ubuntu/.m2/repository/org/eclipse/aether/aether-util/1.0.2.v20150114/aether-util-1.0.2.v20150114.jar
7f2db0034000-7f2db0037000 r--s 0000d000 08:01 531332                     /home/ubuntu/.m2/repository/org/codehaus/plexus/plexus-interpolation/1.21/plexus-interpolation-1.21.jar
7f2db0037000-7f2db003b000 r--s 00026000 08:01 265627                     /home/ubuntu/.m2/repository/org/apache/maven/shared/maven-shared-utils/0.7/maven-shared-utils-0.7.jar
7f2db003b000-7f2db003c000 r--s 00005000 08:01 531330                     /home/ubuntu/.m2/repository/org/apache/maven/maven-archiver/2.6/maven-archiver-2.6.jar
7f2db003c000-7f2db003e000 r--s 0000e000 08:01 531334                     /home/ubuntu/.m2/repository/commons-logging/commons-logging/1.2/commons-logging-1.2.jar
7f2db003e000-7f2db0054000 r--s 000fb000 08:01 1459815                    /home/ubuntu/.m2/repository/org/springframework/spring-core/4.3.6.RELEASE/spring-core-4.3.6.RELEASE.jar
7f2db0054000-7f2db0057000 r--s 00021000 08:01 531328                     /home/ubuntu/.m2/repository/org/springframework/boot/spring-boot-loader-tools/1.4.4.RELEASE/spring-boot-loader-tools-1.4.4.RELEASE.jar
7f2db0057000-7f2db0059000 r--s 0000e000 08:01 265192                     /home/ubuntu/.m2/repository/org/springframework/boot/spring-boot-maven-plugin/1.4.4.RELEASE/spring-boot-maven-plugin-1.4.4.RELEASE.jar
7f2db0059000-7f2db00d2000 r--s 010fd000 08:01 670151                     /usr/lib/jvm/java-8-oracle/lib/tools.jar
7f2db00d2000-7f2db00d5000 r--s 0001b000 08:01 529618                     /home/ubuntu/.m2/repository/junit/junit/3.8.2/junit-3.8.2.jar
7f2db00d5000-7f2db00e3000 r--s 0008f000 08:01 529616                     /home/ubuntu/.m2/repository/com/google/collections/google-collections/1.0/google-collections-1.0.jar
7f2db00e3000-7f2db00e4000 r--s 0000a000 08:01 529614                     /home/ubuntu/.m2/repository/commons-logging/commons-logging-api/1.1/commons-logging-api-1.1.jar
7f2db00e4000-7f2db00eb000 r--s 00051000 08:01 529613                     /home/ubuntu/.m2/repository/log4j/log4j/1.2.12/log4j-1.2.12.jar
7f2db00eb000-7f2db00ef000 r--s 0001d000 08:01 529612                     /home/ubuntu/.m2/repository/org/apache/xbean/xbean-reflect/3.4/xbean-reflect-3.4.jar
7f2db00ef000-7f2db00f0000 r--s 00004000 08:01 529605                     /home/ubuntu/.m2/repository/org/codehaus/plexus/plexus-compiler-javac/2.2/plexus-compiler-javac-2.2.jar
7f2db00f0000-7f2db00f2000 r--s 00000000 08:01 529603                     /home/ubuntu/.m2/repository/org/codehaus/plexus/plexus-compiler-manager/2.2/plexus-compiler-manager-2.2.jar
7f2db00f2000-7f2db00f4000 r--s 00005000 08:01 529602                     /home/ubuntu/.m2/repository/org/codehaus/plexus/plexus-compiler-api/2.2/plexus-compiler-api-2.2.jar
7f2db00f4000-7f2db00f6000 r--s 00000000 08:01 529600                     /home/ubuntu/.m2/repository/org/codehaus/plexus/plexus-component-annotations/1.5.5/plexus-component-annotations-1.5.5.jar
7f2db00f6000-7f2db00f8000 r--s 00002000 08:01 529596                     /home/ubuntu/.m2/repository/org/apache/maven/shared/maven-shared-incremental/1.1/maven-shared-incremental-1.1.jar
7f2db00f8000-7f2db00fa000 r--s 00006000 08:01 265629                     /home/ubuntu/.m2/repository/com/google/code/findbugs/jsr305/2.0.1/jsr305-2.0.1.jar
7f2db00fa000-7f2db00fd000 r--s 00023000 08:01 529595                     /home/ubuntu/.m2/repository/org/apache/maven/shared/maven-shared-utils/0.1/maven-shared-utils-0.1.jar
7f2db00fd000-7f2db0101000 r--s 00030000 08:01 529566                     /home/ubuntu/.m2/repository/org/codehaus/plexus/plexus-utils/1.5.1/plexus-utils-1.5.1.jar
7f2db0101000-7f2db0103000 r--s 00009000 08:01 265253                     /home/ubuntu/.m2/repository/org/apache/maven/plugins/maven-compiler-plugin/3.1/maven-compiler-plugin-3.1.jar
7f2db0103000-7f2db0105000 r--s 0000d000 08:01 265921                     /home/ubuntu/.m2/repository/org/codehaus/plexus/plexus-interpolation/1.13/plexus-interpolation-1.13.jar
7f2db0105000-7f2db0106000 r--s 00001000 08:01 265917                     /home/ubuntu/.m2/repository/org/sonatype/plexus/plexus-build-api/0.0.4/plexus-build-api-0.0.4.jar
7f2db0106000-7f2db0108000 r--s 00009000 08:01 265915                     /home/ubuntu/.m2/repository/org/apache/maven/shared/maven-filtering/1.1/maven-filtering-1.1.jar
7f2db0108000-7f2db010c000 r--s 00033000 08:01 265914                     /home/ubuntu/.m2/repository/org/codehaus/plexus/plexus-utils/2.0.5/plexus-utils-2.0.5.jar
7f2db010c000-7f2db010f000 r--s 0001b000 08:01 265913                     /home/ubuntu/.m2/repository/junit/junit/3.8.1/junit-3.8.1.jar
7f2db010f000-7f2db0111000 r--s 00002000 08:01 265898                     /home/ubuntu/.m2/repository/org/codehaus/plexus/plexus-interactivity-api/1.0-alpha-4/plexus-interactivity-api-1.0-alpha-4.jar
7f2db0111000-7f2db0113000 r--s 00006000 08:01 265896                     /home/ubuntu/.m2/repository/commons-cli/commons-cli/1.0/commons-cli-1.0.jar
7f2db0113000-7f2db0114000 r--s 00001000 08:01 265889                     /home/ubuntu/.m2/repository/org/apache/maven/doxia/doxia-sink-api/1.0-alpha-7/doxia-sink-api-1.0-alpha-7.jar
7f2db0114000-7f2db0115000 r--s 00002000 08:01 265885                     /home/ubuntu/.m2/repository/org/apache/maven/reporting/maven-reporting-api/2.0.6/maven-reporting-api-2.0.6.jar
7f2db0115000-7f2db0117000 r--s 00006000 08:01 265211                     /home/ubuntu/.m2/repository/org/apache/maven/plugins/maven-resources-plugin/2.6/maven-resources-plugin-2.6.jar
7f2db0117000-7f2db011b000 r--s 000a1000 08:01 671510                     /usr/lib/jvm/java-8-oracle/jre/lib/jsse.jar
7f2db011b000-7f2db011e000 r--s 00007000 08:01 920082                     /usr/share/java/maven3-settings-builder.jar
7f2db011e000-7f2db0120000 r--s 00005000 08:01 920033                     /usr/share/java/maven-resolver-transport-wagon.jar
7f2db0120000-7f2db0126000 r--s 0002d000 08:01 928579                     /usr/share/java/sisu-plexus.jar
7f2db0126000-7f2db0128000 r--s 00009000 08:01 928560                     /usr/share/java/slf4j-api.jar
7f2db0128000-7f2db012b000 r--s 00024000 08:01 920059                     /usr/share/java/maven-shared-utils.jar
7f2db012b000-7f2db012c000 r--s 0000a000 08:01 920083                     /usr/share/java/maven3-settings.jar
7f2db012c000-7f2db013a000 r--s 0009a000 08:01 928208                     /usr/share/java/guice.jar
7f2db013a000-7f2db013c000 r--s 0000d000 08:01 920081                     /usr/share/java/maven3-resolver-provider.jar
7f2db013c000-7f2db013e000 r--s 00008000 08:01 920027                     /usr/share/java/maven-resolver-connector-basic.jar
7f2db013e000-7f2db0140000 r--s 00001000 08:01 928187                     /usr/share/java/aopalliance-1.0.jar
7f2db0140000-7f2db0142000 r--s 00006000 08:01 928555                     /usr/share/java/plexus-sec-dispatcher.jar
7f2db0142000-7f2db0143000 r--s 00004000 08:01 920084                     /usr/share/java/maven3-slf4j-provider.jar
7f2db0143000-7f2db0147000 r--s 0001f000 08:01 920026                     /usr/share/java/maven-resolver-api.jar
7f2db0147000-7f2db014a000 r--s 0000a000 08:01 920072                     /usr/share/java/maven3-artifact.jar
7f2db014a000-7f2db014f000 r--s 00025000 08:01 920077                     /usr/share/java/maven3-model-builder.jar
7f2db014f000-7f2db0151000 r--s 00007000 08:01 928334                     /usr/share/java/jansi.jar
7f2db0151000-7f2db0153000 r--s 0000a000 08:01 920079                     /usr/share/java/maven3-plugin-api.jar
7f2db0153000-7f2db0158000 r--s 00030000 08:01 928099                     /usr/share/java/commons-io.jar
7f2db0158000-7f2db0160000 r--s 00072000 08:01 921651                     /usr/share/java/commons-lang3.jar
7f2db0160000-7f2db0161000 r--s 00003000 08:01 928502                     /usr/share/java/plexus-cipher.jar
7f2db0161000-7f2db0164000 r--s 00027000 08:01 920078                     /usr/share/java/maven3-model.jar
7f2db0164000-7f2db0165000 r--s 00006000 08:01 920080                     /usr/share/java/maven3-repository-metadata.jar
7f2db0165000-7f2db0167000 r--s 00003000 08:01 928557                     /usr/share/java/jcl-over-slf4j.jar
7f2db0167000-7f2db016b000 r--s 00027000 08:01 920028                     /usr/share/java/maven-resolver-impl.jar
7f2db016b000-7f2db0172000 r--s 00054000 08:01 928577                     /usr/share/java/sisu-inject.jar
7f2db0172000-7f2db0175000 r--s 00011000 08:01 928543                     /usr/share/java/plexus-interpolation.jar
7f2db0175000-7f2db0179000 r--s 0003b000 08:01 928362                     /usr/share/java/plexus-utils2.jar
7f2db0179000-7f2db017e000 r--s 00021000 08:01 920034                     /usr/share/java/maven-resolver-util.jar
7f2db017e000-7f2db01aa000 r--s 00208000 08:01 928166                     /usr/share/java/guava.jar
7f2db01aa000-7f2db01d7000 r--s 001ce000 08:01 928631                     /usr/share/java/wagon-http-shaded-3.0.0.jar
7f2db01d7000-7f2db01e4000 r--s 0008b000 08:01 920075                     /usr/share/java/maven3-core.jar
7f2db01e4000-7f2db01e5000 ---p 00000000 00:00 0 
7f2db01e5000-7f2db02e5000 rw-p 00000000 00:00 0 
7f2db02e5000-7f2db02e8000 ---p 00000000 00:00 0 
7f2db02e8000-7f2db03e6000 rw-p 00000000 00:00 0 
7f2db03e6000-7f2db03e7000 ---p 00000000 00:00 0 
7f2db03e7000-7f2db03ea000 ---p 00000000 00:00 0 
7f2db03ea000-7f2db04e7000 rw-p 00000000 00:00 0 
7f2db04e7000-7f2db04e8000 ---p 00000000 00:00 0 
7f2db04e8000-7f2db04eb000 ---p 00000000 00:00 0 
7f2db04eb000-7f2db05e8000 rw-p 00000000 00:00 0 
7f2db05e8000-7f2db05e9000 ---p 00000000 00:00 0 
7f2db05e9000-7f2db05ec000 ---p 00000000 00:00 0 
7f2db05ec000-7f2db06e9000 rw-p 00000000 00:00 0 
7f2db06e9000-7f2db06ec000 ---p 00000000 00:00 0 
7f2db06ec000-7f2db07ea000 rw-p 00000000 00:00 0 
7f2db07ea000-7f2db11b9000 r--p 00000000 08:01 662214                     /usr/lib/locale/locale-archive
7f2db11b9000-7f2db11bc000 ---p 00000000 00:00 0 
7f2db11bc000-7f2db12ba000 rw-p 00000000 00:00 0 
7f2db12ba000-7f2db12bd000 ---p 00000000 00:00 0 
7f2db12bd000-7f2db13bb000 rw-p 00000000 00:00 0 
7f2db13bb000-7f2db13bc000 ---p 00000000 00:00 0 
7f2db13bc000-7f2db244f000 rw-p 00000000 00:00 0 
7f2db244f000-7f2db2629000 r--s 03d6f000 08:01 671500                     /usr/lib/jvm/java-8-oracle/jre/lib/rt.jar
7f2db2629000-7f2db3456000 rw-p 00000000 00:00 0 
7f2db3456000-7f2db3457000 ---p 00000000 00:00 0 
7f2db3457000-7f2db3557000 rw-p 00000000 00:00 0 
7f2db3557000-7f2db3558000 ---p 00000000 00:00 0 
7f2db3558000-7f2db3658000 rw-p 00000000 00:00 0 
7f2db3658000-7f2db3659000 ---p 00000000 00:00 0 
7f2db3659000-7f2db3759000 rw-p 00000000 00:00 0 
7f2db3759000-7f2db375a000 ---p 00000000 00:00 0 
7f2db375a000-7f2db38aa000 rw-p 00000000 00:00 0 
7f2db38aa000-7f2db3c2a000 ---p 00000000 00:00 0 
7f2db3c2a000-7f2db3c7a000 rw-p 00000000 00:00 0 
7f2db3c7a000-7f2db3ff9000 ---p 00000000 00:00 0 
7f2db3ff9000-7f2db409f000 rw-p 00000000 00:00 0 
7f2db409f000-7f2db41e1000 ---p 00000000 00:00 0 
7f2db41e1000-7f2db422f000 rw-p 00000000 00:00 0 
7f2db422f000-7f2db45a2000 ---p 00000000 00:00 0 
7f2db45a2000-7f2db58d2000 rwxp 00000000 00:00 0 
7f2db58d2000-7f2dc35a2000 ---p 00000000 00:00 0 
7f2dc35a2000-7f2dc35bd000 r-xp 00000000 08:01 671576                     /usr/lib/jvm/java-8-oracle/jre/lib/amd64/libzip.so
7f2dc35bd000-7f2dc37bc000 ---p 0001b000 08:01 671576                     /usr/lib/jvm/java-8-oracle/jre/lib/amd64/libzip.so
7f2dc37bc000-7f2dc37bd000 r--p 0001a000 08:01 671576                     /usr/lib/jvm/java-8-oracle/jre/lib/amd64/libzip.so
7f2dc37bd000-7f2dc37be000 rw-p 0001b000 08:01 671576                     /usr/lib/jvm/java-8-oracle/jre/lib/amd64/libzip.so
7f2dc37be000-7f2dc37c9000 r-xp 00000000 08:01 1447695                    /lib/x86_64-linux-gnu/libnss_files-2.27.so
7f2dc37c9000-7f2dc39c8000 ---p 0000b000 08:01 1447695                    /lib/x86_64-linux-gnu/libnss_files-2.27.so
7f2dc39c8000-7f2dc39c9000 r--p 0000a000 08:01 1447695                    /lib/x86_64-linux-gnu/libnss_files-2.27.so
7f2dc39c9000-7f2dc39ca000 rw-p 0000b000 08:01 1447695                    /lib/x86_64-linux-gnu/libnss_files-2.27.so
7f2dc39ca000-7f2dc39d0000 rw-p 00000000 00:00 0 
7f2dc39d0000-7f2dc39e7000 r-xp 00000000 08:01 1447689                    /lib/x86_64-linux-gnu/libnsl-2.27.so
7f2dc39e7000-7f2dc3be6000 ---p 00017000 08:01 1447689                    /lib/x86_64-linux-gnu/libnsl-2.27.so
7f2dc3be6000-7f2dc3be7000 r--p 00016000 08:01 1447689                    /lib/x86_64-linux-gnu/libnsl-2.27.so
7f2dc3be7000-7f2dc3be8000 rw-p 00017000 08:01 1447689                    /lib/x86_64-linux-gnu/libnsl-2.27.so
7f2dc3be8000-7f2dc3bea000 rw-p 00000000 00:00 0 
7f2dc3bea000-7f2dc3bf5000 r-xp 00000000 08:01 1447706                    /lib/x86_64-linux-gnu/libnss_nis-2.27.so
7f2dc3bf5000-7f2dc3df4000 ---p 0000b000 08:01 1447706                    /lib/x86_64-linux-gnu/libnss_nis-2.27.so
7f2dc3df4000-7f2dc3df5000 r--p 0000a000 08:01 1447706                    /lib/x86_64-linux-gnu/libnss_nis-2.27.so
7f2dc3df5000-7f2dc3df6000 rw-p 0000b000 08:01 1447706                    /lib/x86_64-linux-gnu/libnss_nis-2.27.so
7f2dc3df6000-7f2dc3dfe000 r-xp 00000000 08:01 1447691                    /lib/x86_64-linux-gnu/libnss_compat-2.27.so
7f2dc3dfe000-7f2dc3ffe000 ---p 00008000 08:01 1447691                    /lib/x86_64-linux-gnu/libnss_compat-2.27.so
7f2dc3ffe000-7f2dc3fff000 r--p 00008000 08:01 1447691                    /lib/x86_64-linux-gnu/libnss_compat-2.27.so
7f2dc3fff000-7f2dc4000000 rw-p 00009000 08:01 1447691                    /lib/x86_64-linux-gnu/libnss_compat-2.27.so
7f2dc4000000-7f2dc56e9000 rw-p 00000000 00:00 0 
7f2dc56e9000-7f2dc8000000 ---p 00000000 00:00 0 
7f2dc8000000-7f2dc8002000 r--s 00001000 08:01 920073                     /usr/share/java/maven3-builder-support.jar
7f2dc8002000-7f2dc8004000 r--s 00006000 08:01 920029                     /usr/share/java/maven-resolver-spi.jar
7f2dc8004000-7f2dc800b000 r--s 00041000 08:01 920074                     /usr/share/java/maven3-compat.jar
7f2dc800b000-7f2dc805a000 rw-p 00000000 00:00 0 
7f2dc805a000-7f2dc8086000 r-xp 00000000 08:01 671570                     /usr/lib/jvm/java-8-oracle/jre/lib/amd64/libjava.so
7f2dc8086000-7f2dc8286000 ---p 0002c000 08:01 671570                     /usr/lib/jvm/java-8-oracle/jre/lib/amd64/libjava.so
7f2dc8286000-7f2dc8287000 r--p 0002c000 08:01 671570                     /usr/lib/jvm/java-8-oracle/jre/lib/amd64/libjava.so
7f2dc8287000-7f2dc8289000 rw-p 0002d000 08:01 671570                     /usr/lib/jvm/java-8-oracle/jre/lib/amd64/libjava.so
7f2dc8289000-7f2dc8296000 r-xp 00000000 08:01 671575                     /usr/lib/jvm/java-8-oracle/jre/lib/amd64/libverify.so
7f2dc8296000-7f2dc8495000 ---p 0000d000 08:01 671575                     /usr/lib/jvm/java-8-oracle/jre/lib/amd64/libverify.so
7f2dc8495000-7f2dc8497000 r--p 0000c000 08:01 671575                     /usr/lib/jvm/java-8-oracle/jre/lib/amd64/libverify.so
7f2dc8497000-7f2dc8498000 rw-p 0000e000 08:01 671575                     /usr/lib/jvm/java-8-oracle/jre/lib/amd64/libverify.so
7f2dc8498000-7f2dc849f000 r-xp 00000000 08:01 1447746                    /lib/x86_64-linux-gnu/librt-2.27.so
7f2dc849f000-7f2dc869e000 ---p 00007000 08:01 1447746                    /lib/x86_64-linux-gnu/librt-2.27.so
7f2dc869e000-7f2dc869f000 r--p 00006000 08:01 1447746                    /lib/x86_64-linux-gnu/librt-2.27.so
7f2dc869f000-7f2dc86a0000 rw-p 00007000 08:01 1447746                    /lib/x86_64-linux-gnu/librt-2.27.so
7f2dc86a0000-7f2dc883d000 r-xp 00000000 08:01 1447668                    /lib/x86_64-linux-gnu/libm-2.27.so
7f2dc883d000-7f2dc8a3c000 ---p 0019d000 08:01 1447668                    /lib/x86_64-linux-gnu/libm-2.27.so
7f2dc8a3c000-7f2dc8a3d000 r--p 0019c000 08:01 1447668                    /lib/x86_64-linux-gnu/libm-2.27.so
7f2dc8a3d000-7f2dc8a3e000 rw-p 0019d000 08:01 1447668                    /lib/x86_64-linux-gnu/libm-2.27.so
7f2dc8a3e000-7f2dc9726000 r-xp 00000000 08:01 791261                     /usr/lib/jvm/java-8-oracle/jre/lib/amd64/server/libjvm.so
7f2dc9726000-7f2dc9925000 ---p 00ce8000 08:01 791261                     /usr/lib/jvm/java-8-oracle/jre/lib/amd64/server/libjvm.so
7f2dc9925000-7f2dc99bb000 r--p 00ce7000 08:01 791261                     /usr/lib/jvm/java-8-oracle/jre/lib/amd64/server/libjvm.so
7f2dc99bb000-7f2dc99ec000 rw-p 00d7d000 08:01 791261                     /usr/lib/jvm/java-8-oracle/jre/lib/amd64/server/libjvm.so
7f2dc99ec000-7f2dc9a27000 rw-p 00000000 00:00 0 
7f2dc9a27000-7f2dc9c0e000 r-xp 00000000 08:01 1447605                    /lib/x86_64-linux-gnu/libc-2.27.so
7f2dc9c0e000-7f2dc9e0e000 ---p 001e7000 08:01 1447605                    /lib/x86_64-linux-gnu/libc-2.27.so
7f2dc9e0e000-7f2dc9e12000 r--p 001e7000 08:01 1447605                    /lib/x86_64-linux-gnu/libc-2.27.so
7f2dc9e12000-7f2dc9e14000 rw-p 001eb000 08:01 1447605                    /lib/x86_64-linux-gnu/libc-2.27.so
7f2dc9e14000-7f2dc9e18000 rw-p 00000000 00:00 0 
7f2dc9e18000-7f2dc9e1b000 r-xp 00000000 08:01 1447628                    /lib/x86_64-linux-gnu/libdl-2.27.so
7f2dc9e1b000-7f2dca01a000 ---p 00003000 08:01 1447628                    /lib/x86_64-linux-gnu/libdl-2.27.so
7f2dca01a000-7f2dca01b000 r--p 00002000 08:01 1447628                    /lib/x86_64-linux-gnu/libdl-2.27.so
7f2dca01b000-7f2dca01c000 rw-p 00003000 08:01 1447628                    /lib/x86_64-linux-gnu/libdl-2.27.so
7f2dca01c000-7f2dca033000 r-xp 00000000 08:01 671406                     /usr/lib/jvm/java-8-oracle/lib/amd64/jli/libjli.so
7f2dca033000-7f2dca232000 ---p 00017000 08:01 671406                     /usr/lib/jvm/java-8-oracle/lib/amd64/jli/libjli.so
7f2dca232000-7f2dca233000 r--p 00016000 08:01 671406                     /usr/lib/jvm/java-8-oracle/lib/amd64/jli/libjli.so
7f2dca233000-7f2dca234000 rw-p 00017000 08:01 671406                     /usr/lib/jvm/java-8-oracle/lib/amd64/jli/libjli.so
7f2dca234000-7f2dca24e000 r-xp 00000000 08:01 1447738                    /lib/x86_64-linux-gnu/libpthread-2.27.so
7f2dca24e000-7f2dca44d000 ---p 0001a000 08:01 1447738                    /lib/x86_64-linux-gnu/libpthread-2.27.so
7f2dca44d000-7f2dca44e000 r--p 00019000 08:01 1447738                    /lib/x86_64-linux-gnu/libpthread-2.27.so
7f2dca44e000-7f2dca44f000 rw-p 0001a000 08:01 1447738                    /lib/x86_64-linux-gnu/libpthread-2.27.so
7f2dca44f000-7f2dca453000 rw-p 00000000 00:00 0 
7f2dca453000-7f2dca47a000 r-xp 00000000 08:01 1447577                    /lib/x86_64-linux-gnu/ld-2.27.so
7f2dca47a000-7f2dca47b000 r--s 00001000 08:01 928040                     /usr/share/java/geronimo-interceptor-3.0-spec.jar
7f2dca47b000-7f2dca47c000 r--s 00000000 08:01 928025                     /usr/share/java/atinject-jsr330-api-1.0.jar
7f2dca47c000-7f2dca47f000 r--s 0000e000 08:01 928054                     /usr/share/java/cdi-api.jar
7f2dca47f000-7f2dca480000 r--s 00002000 08:01 928126                     /usr/share/java/geronimo-annotation-1.3-spec.jar
7f2dca480000-7f2dca482000 r--s 0000a000 08:01 928074                     /usr/share/java/commons-cli.jar
7f2dca482000-7f2dca483000 r--s 00000000 08:01 928025                     /usr/share/java/atinject-jsr330-api-1.0.jar
7f2dca483000-7f2dca561000 rw-p 00000000 00:00 0 
7f2dca561000-7f2dca562000 ---p 00000000 00:00 0 
7f2dca562000-7f2dca565000 ---p 00000000 00:00 0 
7f2dca565000-7f2dca666000 rw-p 00000000 00:00 0 
7f2dca666000-7f2dca669000 r--s 00015000 08:01 920076                     /usr/share/java/maven3-embedder.jar
7f2dca669000-7f2dca66b000 r--s 0000b000 08:01 928376                     /usr/share/java/wagon-provider-api.jar
7f2dca66b000-7f2dca66c000 r--s 00001000 08:01 928625                     /usr/share/java/wagon-file.jar
7f2dca66c000-7f2dca66e000 r--s 00000000 08:01 928528                     /usr/share/java/plexus-component-annotations.jar
7f2dca66e000-7f2dca670000 r--s 0000b000 08:01 928516                     /usr/share/java/plexus-classworlds.jar
7f2dca670000-7f2dca678000 rw-s 00000000 08:01 2504584                    /tmp/hsperfdata_ubuntu/5063
7f2dca678000-7f2dca679000 rw-p 00000000 00:00 0 
7f2dca679000-7f2dca67a000 ---p 00000000 00:00 0 
7f2dca67a000-7f2dca67b000 r--p 00027000 08:01 1447577                    /lib/x86_64-linux-gnu/ld-2.27.so
7f2dca67b000-7f2dca67c000 rw-p 00028000 08:01 1447577                    /lib/x86_64-linux-gnu/ld-2.27.so
7f2dca67c000-7f2dca67d000 rw-p 00000000 00:00 0 
7fff2a443000-7fff2a465000 rw-p 00000000 00:00 0                          [stack]
7fff2a4ee000-7fff2a4f1000 r--p 00000000 00:00 0                          [vvar]
7fff2a4f1000-7fff2a4f2000 r-xp 00000000 00:00 0                          [vdso]
ffffffffff600000-ffffffffff601000 r-xp 00000000 00:00 0                  [vsyscall]

VM Arguments:
jvm_args: -Dclassworlds.conf=/usr/share/maven/bin/m2.conf -Dmaven.home=/usr/share/maven -Dlibrary.jansi.path=/usr/share/maven/lib/jansi-native -Dmaven.multiModuleProjectDirectory=/home/microservices/carnell/organization-service 
java_command: org.codehaus.plexus.classworlds.launcher.Launcher spring-boot:run
java_class_path (initial): /usr/share/maven/boot/plexus-classworlds-2.x.jar
Launcher Type: SUN_STANDARD

Environment Variables:
JAVA_HOME=/usr/lib/jvm/java-8-oracle
PATH=/home/ubuntu/.local/share/umake/bin:/usr/local/sbin:/usr/local/bin:/usr/sbin:/usr/bin:/sbin:/bin:/usr/games:/usr/local/games:/snap/bin:/usr/lib/jvm/java-8-oracle/bin:/usr/lib/jvm/java-8-oracle/db/bin:/usr/lib/jvm/java-8-oracle/jre/bin
USERNAME=ubuntu
SHELL=/bin/bash
DISPLAY=:0

Signal Handlers:
SIGSEGV: [libjvm.so+0xad3e60], sa_mask[0]=11111111011111111101111111111110, sa_flags=SA_RESTART|SA_SIGINFO
SIGBUS: [libjvm.so+0xad3e60], sa_mask[0]=11111111011111111101111111111110, sa_flags=SA_RESTART|SA_SIGINFO
SIGFPE: [libjvm.so+0x90b880], sa_mask[0]=11111111011111111101111111111110, sa_flags=SA_RESTART|SA_SIGINFO
SIGPIPE: [libjvm.so+0x90b880], sa_mask[0]=11111111011111111101111111111110, sa_flags=SA_RESTART|SA_SIGINFO
SIGXFSZ: [libjvm.so+0x90b880], sa_mask[0]=11111111011111111101111111111110, sa_flags=SA_RESTART|SA_SIGINFO
SIGILL: [libjvm.so+0x90b880], sa_mask[0]=11111111011111111101111111111110, sa_flags=SA_RESTART|SA_SIGINFO
SIGUSR1: SIG_DFL, sa_mask[0]=00000000000000000000000000000000, sa_flags=none
SIGUSR2: [libjvm.so+0x90b750], sa_mask[0]=00100000000000000000000000000000, sa_flags=SA_RESTART|SA_SIGINFO
SIGHUP: [libjvm.so+0x90bd70], sa_mask[0]=11111111011111111101111111111110, sa_flags=SA_RESTART|SA_SIGINFO
SIGINT: [libjvm.so+0x90bd70], sa_mask[0]=11111111011111111101111111111110, sa_flags=SA_RESTART|SA_SIGINFO
SIGTERM: [libjvm.so+0x90bd70], sa_mask[0]=11111111011111111101111111111110, sa_flags=SA_RESTART|SA_SIGINFO
SIGQUIT: [libjvm.so+0x90bd70], sa_mask[0]=11111111011111111101111111111110, sa_flags=SA_RESTART|SA_SIGINFO


---------------  S Y S T E M  ---------------

OS:DISTRIB_ID=Ubuntu
DISTRIB_RELEASE=18.04
DISTRIB_CODENAME=bionic
DISTRIB_DESCRIPTION="Ubuntu 18.04.3 LTS"

uname:Linux 5.0.0-32-generic #34~18.04.2-Ubuntu SMP Thu Oct 10 10:36:02 UTC 2019 x86_64
libc:glibc 2.27 NPTL 2.27 
rlimit: STACK 8192k, CORE 0k, NPROC 46606, NOFILE 1048576, AS infinity
load average:16.96 5.24 2.42

/proc/meminfo:
MemTotal:       11978936 kB
MemFree:          302436 kB
MemAvailable:     227408 kB
Buffers:            3736 kB
Cached:           150792 kB
SwapCached:         6128 kB
Active:          3714756 kB
Inactive:         700764 kB
Active(anon):    3706700 kB
Inactive(anon):   640480 kB
Active(file):       8056 kB
Inactive(file):    60284 kB
Unevictable:          16 kB
Mlocked:              16 kB
SwapTotal:       1942896 kB
SwapFree:             20 kB
Dirty:              1160 kB
Writeback:             4 kB
AnonPages:       4255940 kB
Mapped:           105352 kB
Shmem:             85148 kB
KReclaimable:      85312 kB
Slab:             246088 kB
SReclaimable:      85312 kB
SUnreclaim:       160776 kB
KernelStack:       22512 kB
PageTables:        75988 kB
NFS_Unstable:          0 kB
Bounce:                0 kB
WritebackTmp:          0 kB
CommitLimit:     7932364 kB
Committed_AS:   14292672 kB
VmallocTotal:   34359738367 kB
VmallocUsed:           0 kB
VmallocChunk:          0 kB
Percpu:            71680 kB
HardwareCorrupted:     0 kB
AnonHugePages:         0 kB
ShmemHugePages:        0 kB
ShmemPmdMapped:        0 kB
CmaTotal:              0 kB
CmaFree:               0 kB
HugePages_Total:       0
HugePages_Free:        0
HugePages_Rsvd:        0
HugePages_Surp:        0
Hugepagesize:       2048 kB
Hugetlb:               0 kB
DirectMap4k:      276288 kB
DirectMap2M:     6768640 kB
DirectMap1G:     5242880 kB

container (cgroup) information:
container_type: cgroupv1
cpu_cpuset_cpus: 0-3
cpu_memory_nodes: 0
active_processor_count: 4
cpu_quota: -1
cpu_period: 100000
cpu_shares: -1
memory_limit_in_bytes: -1
memory_and_swap_limit_in_bytes: -2
memory_soft_limit_in_bytes: -1
memory_usage_in_bytes: 4594511872
memory_max_usage_in_bytes: 4920492032


CPU:total 4 (initial active 4) (2 cores per cpu, 1 threads per core) family 6 model 142 stepping 9, cmov, cx8, fxsr, mmx, sse, sse2, sse3, ssse3, sse4.1, sse4.2, popcnt, avx, avx2, aes, clmul, erms, 3dnowpref, lzcnt, tsc, tscinvbit, bmi1, bmi2, adx

/proc/cpuinfo:
processor	: 0
vendor_id	: GenuineIntel
cpu family	: 6
model		: 142
model name	: Intel(R) Core(TM) i5-7200U CPU @ 2.50GHz
stepping	: 9
microcode	: 0x8e
cpu MHz		: 2712.006
cache size	: 3072 KB
physical id	: 0
siblings	: 2
core id		: 0
cpu cores	: 2
apicid		: 0
initial apicid	: 0
fpu		: yes
fpu_exception	: yes
cpuid level	: 22
wp		: yes
flags		: fpu vme de pse tsc msr pae mce cx8 apic sep mtrr pge mca cmov pat pse36 clflush mmx fxsr sse sse2 ss ht syscall nx pdpe1gb rdtscp lm constant_tsc arch_perfmon nopl xtopology tsc_reliable nonstop_tsc cpuid pni pclmulqdq ssse3 fma cx16 pcid sse4_1 sse4_2 x2apic movbe popcnt tsc_deadline_timer aes xsave avx f16c rdrand hypervisor lahf_lm abm 3dnowprefetch cpuid_fault invpcid_single pti ssbd ibrs ibpb stibp fsgsbase tsc_adjust bmi1 avx2 smep bmi2 invpcid mpx rdseed adx smap clflushopt xsaveopt xsavec xsaves arat flush_l1d arch_capabilities
bugs		: cpu_meltdown spectre_v1 spectre_v2 spec_store_bypass l1tf mds swapgs
bogomips	: 5424.01
clflush size	: 64
cache_alignment	: 64
address sizes	: 43 bits physical, 48 bits virtual
power management:

processor	: 1
vendor_id	: GenuineIntel
cpu family	: 6
model		: 142
model name	: Intel(R) Core(TM) i5-7200U CPU @ 2.50GHz
stepping	: 9
microcode	: 0x8e
cpu MHz		: 2712.006
cache size	: 3072 KB
physical id	: 0
siblings	: 2
core id		: 1
cpu cores	: 2
apicid		: 1
initial apicid	: 1
fpu		: yes
fpu_exception	: yes
cpuid level	: 22
wp		: yes
flags		: fpu vme de pse tsc msr pae mce cx8 apic sep mtrr pge mca cmov pat pse36 clflush mmx fxsr sse sse2 ss ht syscall nx pdpe1gb rdtscp lm constant_tsc arch_perfmon nopl xtopology tsc_reliable nonstop_tsc cpuid pni pclmulqdq ssse3 fma cx16 pcid sse4_1 sse4_2 x2apic movbe popcnt tsc_deadline_timer aes xsave avx f16c rdrand hypervisor lahf_lm abm 3dnowprefetch cpuid_fault invpcid_single pti ssbd ibrs ibpb stibp fsgsbase tsc_adjust bmi1 avx2 smep bmi2 invpcid mpx rdseed adx smap clflushopt xsaveopt xsavec xsaves arat flush_l1d arch_capabilities
bugs		: cpu_meltdown spectre_v1 spectre_v2 spec_store_bypass l1tf mds swapgs
bogomips	: 5424.01
clflush size	: 64
cache_alignment	: 64
address sizes	: 43 bits physical, 48 bits virtual
power management:

processor	: 2
vendor_id	: GenuineIntel
cpu family	: 6
model		: 142
model name	: Intel(R) Core(TM) i5-7200U CPU @ 2.50GHz
stepping	: 9
microcode	: 0x8e
cpu MHz		: 2712.006
cache size	: 3072 KB
physical id	: 1
siblings	: 2
core id		: 0
cpu cores	: 2
apicid		: 2
initial apicid	: 2
fpu		: yes
fpu_exception	: yes
cpuid level	: 22
wp		: yes
flags		: fpu vme de pse tsc msr pae mce cx8 apic sep mtrr pge mca cmov pat pse36 clflush mmx fxsr sse sse2 ss ht syscall nx pdpe1gb rdtscp lm constant_tsc arch_perfmon nopl xtopology tsc_reliable nonstop_tsc cpuid pni pclmulqdq ssse3 fma cx16 pcid sse4_1 sse4_2 x2apic movbe popcnt tsc_deadline_timer aes xsave avx f16c rdrand hypervisor lahf_lm abm 3dnowprefetch cpuid_fault invpcid_single pti ssbd ibrs ibpb stibp fsgsbase tsc_adjust bmi1 avx2 smep bmi2 invpcid mpx rdseed adx smap clflushopt xsaveopt xsavec xsaves arat flush_l1d arch_capabilities
bugs		: cpu_meltdown spectre_v1 spectre_v2 spec_store_bypass l1tf mds swapgs
bogomips	: 5424.01
clflush size	: 64
cache_alignment	: 64
address sizes	: 43 bits physical, 48 bits virtual
power management:

processor	: 3
vendor_id	: GenuineIntel
cpu family	: 6
model		: 142
model name	: Intel(R) Core(TM) i5-7200U CPU @ 2.50GHz
stepping	: 9
microcode	: 0x8e
cpu MHz		: 2712.006
cache size	: 3072 KB
physical id	: 1
siblings	: 2
core id		: 1
cpu cores	: 2
apicid		: 3
initial apicid	: 3
fpu		: yes
fpu_exception	: yes
cpuid level	: 22
wp		: yes
flags		: fpu vme de pse tsc msr pae mce cx8 apic sep mtrr pge mca cmov pat pse36 clflush mmx fxsr sse sse2 ss ht syscall nx pdpe1gb rdtscp lm constant_tsc arch_perfmon nopl xtopology tsc_reliable nonstop_tsc cpuid pni pclmulqdq ssse3 fma cx16 pcid sse4_1 sse4_2 x2apic movbe popcnt tsc_deadline_timer aes xsave avx f16c rdrand hypervisor lahf_lm abm 3dnowprefetch cpuid_fault invpcid_single pti ssbd ibrs ibpb stibp fsgsbase tsc_adjust bmi1 avx2 smep bmi2 invpcid mpx rdseed adx smap clflushopt xsaveopt xsavec xsaves arat flush_l1d arch_capabilities
bugs		: cpu_meltdown spectre_v1 spectre_v2 spec_store_bypass l1tf mds swapgs
bogomips	: 5424.01
clflush size	: 64
cache_alignment	: 64
address sizes	: 43 bits physical, 48 bits virtual
power management:



Memory: 4k page, physical 11978936k(301932k free), swap 1942896k(20k free)

vm_info: Java HotSpot(TM) 64-Bit Server VM (25.201-b09) for linux-amd64 JRE (1.8.0_201-b09), built on Dec 15 2018 11:35:59 by "java_re" with gcc 7.3.0

time: Sun Oct 27 09:38:48 2019
timezone: PDT
elapsed time: 73 seconds (0d 0h 1m 13s)

